<?xml version="1.0" encoding="UTF-8"?>
<!-- Generated by org.testng.reporters.JUnitXMLReporter -->
<testsuite hostname="mum-1nbharad-m.local" name="Default test" tests="10" failures="0" timestamp="23 Jun 2014 10:14:36 GMT" time="8.976" errors="0">
  <testcase name="testID" time="2.22" classname="com.tgxd.gtw.nameApi.test.GetFavouritesTest"/>
  <testcase name="testID" time="0.778" classname="com.tgxd.gtw.nameApi.test.GetFavouritesTest"/>
  <testcase name="testNotNullFields_N" time="0.729" classname="com.tgxd.gtw.nameApi.test.GetFavouritesTest"/>
  <testcase name="testNotNullFields_N" time="0.648" classname="com.tgxd.gtw.nameApi.test.GetFavouritesTest"/>
  <testcase name="testServiceID" time="0.791" classname="com.tgxd.gtw.nameApi.test.GetFavouritesTest"/>
  <testcase name="testServiceID" time="0.619" classname="com.tgxd.gtw.nameApi.test.GetFavouritesTest"/>
  <testcase name="testgetStatus" time="0.62" classname="com.tgxd.gtw.nameApi.test.GetFavouritesTest"/>
  <testcase name="testgetStatus" time="0.624" classname="com.tgxd.gtw.nameApi.test.GetFavouritesTest"/>
  <testcase name="testisDataEmpty_N" time="1.032" classname="com.tgxd.gtw.nameApi.test.GetFavouritesTest"/>
  <testcase name="testisDataEmpty_N" time="0.883" classname="com.tgxd.gtw.nameApi.test.GetFavouritesTest"/>
</testsuite> <!-- Default test -->
