<?xml version="1.0" encoding="UTF-8"?>
<!-- Generated by org.testng.reporters.JUnitXMLReporter -->
<testsuite hostname="mum-1nbharad-m.local" name="MyTests" tests="24" failures="6" timestamp="22 Jun 2014 11:38:53 GMT" time="25.877" errors="0">
  <testcase name="testNotNullFields_N" time="1.848" classname="com.tgxd.gtw.nameApi.test.AiringsTest">
    <failure type="java.lang.AssertionError" message="expected [false] but found [true]">
      <![CDATA[java.lang.AssertionError: expected [false] but found [true]
	at com.tgxd.gtw.nameApi.test.AiringsTest.testNotNullFields_N(AiringsTest.java:62)
... Removed 29 stack frames]]>
    </failure>
  </testcase> <!-- testNotNullFields_N -->
  <testcase name="testNotNullFields_N" time="1.998" classname="com.tgxd.gtw.nameApi.test.AiringsTest">
    <failure type="java.lang.AssertionError" message="expected [false] but found [true]">
      <![CDATA[java.lang.AssertionError: expected [false] but found [true]
	at com.tgxd.gtw.nameApi.test.AiringsTest.testNotNullFields_N(AiringsTest.java:62)
... Removed 29 stack frames]]>
    </failure>
  </testcase> <!-- testNotNullFields_N -->
  <testcase name="testServiceID" time="1.534" classname="com.tgxd.gtw.nameApi.test.AiringsTest"/>
  <testcase name="testServiceID" time="1.435" classname="com.tgxd.gtw.nameApi.test.AiringsTest"/>
  <testcase name="testgetStatus" time="1.223" classname="com.tgxd.gtw.nameApi.test.AiringsTest"/>
  <testcase name="testgetStatus" time="0.881" classname="com.tgxd.gtw.nameApi.test.AiringsTest"/>
  <testcase name="testisDataEmpty_N" time="1.161" classname="com.tgxd.gtw.nameApi.test.AiringsTest">
    <failure type="java.lang.AssertionError" message="expected [true] but found [false]">
      <![CDATA[java.lang.AssertionError: expected [true] but found [false]
	at com.tgxd.gtw.nameApi.test.AiringsTest.testisDataEmpty_N(AiringsTest.java:50)
... Removed 29 stack frames]]>
    </failure>
  </testcase> <!-- testisDataEmpty_N -->
  <testcase name="testisDataEmpty_N" time="1.023" classname="com.tgxd.gtw.nameApi.test.AiringsTest">
    <failure type="java.lang.AssertionError" message="expected [true] but found [false]">
      <![CDATA[java.lang.AssertionError: expected [true] but found [false]
	at com.tgxd.gtw.nameApi.test.AiringsTest.testisDataEmpty_N(AiringsTest.java:50)
... Removed 29 stack frames]]>
    </failure>
  </testcase> <!-- testisDataEmpty_N -->
  <testcase name="testCelebrityIDPresentInURL" time="0.918" classname="com.tgxd.gtw.nameApi.test.NameTest"/>
  <testcase name="testCelebrityIDPresentInURL" time="0.817" classname="com.tgxd.gtw.nameApi.test.NameTest"/>
  <testcase name="testCelebrityId" time="1.84" classname="com.tgxd.gtw.nameApi.test.NameTest"/>
  <testcase name="testCelebrityId" time="0.819" classname="com.tgxd.gtw.nameApi.test.NameTest"/>
  <testcase name="testImageUrl" time="0.716" classname="com.tgxd.gtw.nameApi.test.NameTest"/>
  <testcase name="testImageUrl" time="0.817" classname="com.tgxd.gtw.nameApi.test.NameTest"/>
  <testcase name="testLocaleInUrls" time="0.919" classname="com.tgxd.gtw.nameApi.test.NameTest"/>
  <testcase name="testLocaleInUrls" time="1.023" classname="com.tgxd.gtw.nameApi.test.NameTest"/>
  <testcase name="testNotNullFields_N" time="0.817" classname="com.tgxd.gtw.nameApi.test.NameTest"/>
  <testcase name="testNotNullFields_N" time="1.037" classname="com.tgxd.gtw.nameApi.test.NameTest"/>
  <testcase name="testServiceIDPresentInURL" time="0.701" classname="com.tgxd.gtw.nameApi.test.NameTest"/>
  <testcase name="testServiceIDPresentInURL" time="0.818" classname="com.tgxd.gtw.nameApi.test.NameTest"/>
  <testcase name="testgetStatus" time="0.819" classname="com.tgxd.gtw.nameApi.test.NameTest"/>
  <testcase name="testgetStatus" time="0.818" classname="com.tgxd.gtw.nameApi.test.NameTest"/>
  <testcase name="testisDataEmpty_N" time="1.021" classname="com.tgxd.gtw.nameApi.test.NameTest">
    <failure type="java.lang.AssertionError" message="expected [true] but found [false]">
      <![CDATA[java.lang.AssertionError: expected [true] but found [false]
	at com.tgxd.gtw.nameApi.test.NameTest.testisDataEmpty_N(NameTest.java:48)
... Removed 29 stack frames]]>
    </failure>
  </testcase> <!-- testisDataEmpty_N -->
  <testcase name="testisDataEmpty_N" time="0.818" classname="com.tgxd.gtw.nameApi.test.NameTest">
    <failure type="java.lang.AssertionError" message="expected [true] but found [false]">
      <![CDATA[java.lang.AssertionError: expected [true] but found [false]
	at com.tgxd.gtw.nameApi.test.NameTest.testisDataEmpty_N(NameTest.java:48)
... Removed 29 stack frames]]>
    </failure>
  </testcase> <!-- testisDataEmpty_N -->
</testsuite> <!-- MyTests -->
