<?xml version="1.0" encoding="UTF-8" ?>
<testsuite failures="0" time="8.326" errors="0" skipped="0" tests="8" name="TestSuite">
  <properties>
[...]
</properties>
  <testcase time="1.593" classname="com.tgxd.gtw.nameApi.test.AiringsTest" name="testNotNullFields_N"/>
  <testcase time="1.103" classname="com.tgxd.gtw.nameApi.test.AiringsTest" name="testNotNullFields_N"/>
  <testcase time="0.781" classname="com.tgxd.gtw.nameApi.test.AiringsTest" name="testServiceID"/>
  <testcase time="0.879" classname="com.tgxd.gtw.nameApi.test.AiringsTest" name="testServiceID"/>
  <testcase time="0.838" classname="com.tgxd.gtw.nameApi.test.AiringsTest" name="testgetStatus"/>
  <testcase time="0.837" classname="com.tgxd.gtw.nameApi.test.AiringsTest" name="testgetStatus"/>
  <testcase time="0.923" classname="com.tgxd.gtw.nameApi.test.AiringsTest" name="testisDataEmpty_N"/>
  <testcase time="0.779" classname="com.tgxd.gtw.nameApi.test.AiringsTest" name="testisDataEmpty_N"/>
</testsuite>