<?xml version="1.0" encoding="UTF-8"?>
<testng-results skipped="0" failed="0" total="8" passed="8">
  <reporter-output>
  </reporter-output>
  <suite name="TGxd Test Suite" duration-ms="7932" started-at="2014-06-26T05:59:25Z" finished-at="2014-06-26T05:59:33Z">
    <groups>
      <group name="Sanity">
        <method signature="AiringsTest.testgetStatus(java.lang.String, java.lang.String, java.lang.String)[pri:0, instance:com.tgxd.gtw.nameApi.test.AiringsTest@78ffb648]" name="testgetStatus" class="com.tgxd.gtw.nameApi.test.AiringsTest"/>
        <method signature="AiringsTest.testisDataEmpty_N(java.lang.String, java.lang.String, java.lang.String)[pri:0, instance:com.tgxd.gtw.nameApi.test.AiringsTest@78ffb648]" name="testisDataEmpty_N" class="com.tgxd.gtw.nameApi.test.AiringsTest"/>
      </group> <!-- Sanity -->
    </groups>
    <test name="NameTests" duration-ms="7932" started-at="2014-06-26T05:59:25Z" finished-at="2014-06-26T05:59:33Z">
      <class name="com.tgxd.gtw.nameApi.test.AiringsTest">
        <test-method status="PASS" signature="testNotNullFields_N(java.lang.String, java.lang.String, java.lang.String)[pri:0, instance:com.tgxd.gtw.nameApi.test.AiringsTest@78ffb648]" name="testNotNullFields_N" duration-ms="1298" started-at="2014-06-26T11:29:25Z" data-provider="Locale_ServiceIDs" finished-at="2014-06-26T11:29:26Z">
          <params>
            <param index="0">
              <value>
                <![CDATA[en-US]]>
              </value>
            </param>
            <param index="1">
              <value>
                <![CDATA[75008]]>
              </value>
            </param>
            <param index="2">
              <value>
                <![CDATA[100668]]>
              </value>
            </param>
          </params>
          <reporter-output>
          </reporter-output>
        </test-method> <!-- testNotNullFields_N -->
        <test-method status="PASS" signature="testNotNullFields_N(java.lang.String, java.lang.String, java.lang.String)[pri:0, instance:com.tgxd.gtw.nameApi.test.AiringsTest@78ffb648]" name="testNotNullFields_N" duration-ms="1108" started-at="2014-06-26T11:29:26Z" data-provider="Locale_ServiceIDs" finished-at="2014-06-26T11:29:27Z">
          <params>
            <param index="0">
              <value>
                <![CDATA[es-CO]]>
              </value>
            </param>
            <param index="1">
              <value>
                <![CDATA[68337]]>
              </value>
            </param>
            <param index="2">
              <value>
                <![CDATA[100668]]>
              </value>
            </param>
          </params>
          <reporter-output>
          </reporter-output>
        </test-method> <!-- testNotNullFields_N -->
        <test-method status="PASS" signature="testServiceID(java.lang.String, java.lang.String, java.lang.String)[pri:0, instance:com.tgxd.gtw.nameApi.test.AiringsTest@78ffb648]" name="testServiceID" duration-ms="1026" started-at="2014-06-26T11:29:27Z" data-provider="Locale_ServiceIDs" finished-at="2014-06-26T11:29:28Z">
          <params>
            <param index="0">
              <value>
                <![CDATA[en-US]]>
              </value>
            </param>
            <param index="1">
              <value>
                <![CDATA[75008]]>
              </value>
            </param>
            <param index="2">
              <value>
                <![CDATA[100668]]>
              </value>
            </param>
          </params>
          <reporter-output>
          </reporter-output>
        </test-method> <!-- testServiceID -->
        <test-method status="PASS" signature="testServiceID(java.lang.String, java.lang.String, java.lang.String)[pri:0, instance:com.tgxd.gtw.nameApi.test.AiringsTest@78ffb648]" name="testServiceID" duration-ms="834" started-at="2014-06-26T11:29:28Z" data-provider="Locale_ServiceIDs" finished-at="2014-06-26T11:29:29Z">
          <params>
            <param index="0">
              <value>
                <![CDATA[es-CO]]>
              </value>
            </param>
            <param index="1">
              <value>
                <![CDATA[68337]]>
              </value>
            </param>
            <param index="2">
              <value>
                <![CDATA[100668]]>
              </value>
            </param>
          </params>
          <reporter-output>
          </reporter-output>
        </test-method> <!-- testServiceID -->
        <test-method status="PASS" signature="testgetStatus(java.lang.String, java.lang.String, java.lang.String)[pri:0, instance:com.tgxd.gtw.nameApi.test.AiringsTest@78ffb648]" name="testgetStatus" duration-ms="817" started-at="2014-06-26T11:29:29Z" data-provider="Locale_ServiceIDs" finished-at="2014-06-26T11:29:30Z">
          <params>
            <param index="0">
              <value>
                <![CDATA[en-US]]>
              </value>
            </param>
            <param index="1">
              <value>
                <![CDATA[75008]]>
              </value>
            </param>
            <param index="2">
              <value>
                <![CDATA[100668]]>
              </value>
            </param>
          </params>
          <reporter-output>
          </reporter-output>
        </test-method> <!-- testgetStatus -->
        <test-method status="PASS" signature="testgetStatus(java.lang.String, java.lang.String, java.lang.String)[pri:0, instance:com.tgxd.gtw.nameApi.test.AiringsTest@78ffb648]" name="testgetStatus" duration-ms="833" started-at="2014-06-26T11:29:30Z" data-provider="Locale_ServiceIDs" finished-at="2014-06-26T11:29:31Z">
          <params>
            <param index="0">
              <value>
                <![CDATA[es-CO]]>
              </value>
            </param>
            <param index="1">
              <value>
                <![CDATA[68337]]>
              </value>
            </param>
            <param index="2">
              <value>
                <![CDATA[100668]]>
              </value>
            </param>
          </params>
          <reporter-output>
          </reporter-output>
        </test-method> <!-- testgetStatus -->
        <test-method status="PASS" signature="testisDataEmpty_N(java.lang.String, java.lang.String, java.lang.String)[pri:0, instance:com.tgxd.gtw.nameApi.test.AiringsTest@78ffb648]" name="testisDataEmpty_N" duration-ms="833" started-at="2014-06-26T11:29:31Z" data-provider="Locale_ServiceIDs" finished-at="2014-06-26T11:29:32Z">
          <params>
            <param index="0">
              <value>
                <![CDATA[en-US]]>
              </value>
            </param>
            <param index="1">
              <value>
                <![CDATA[75008]]>
              </value>
            </param>
            <param index="2">
              <value>
                <![CDATA[100668]]>
              </value>
            </param>
          </params>
          <reporter-output>
          </reporter-output>
        </test-method> <!-- testisDataEmpty_N -->
        <test-method status="PASS" signature="testisDataEmpty_N(java.lang.String, java.lang.String, java.lang.String)[pri:0, instance:com.tgxd.gtw.nameApi.test.AiringsTest@78ffb648]" name="testisDataEmpty_N" duration-ms="1149" started-at="2014-06-26T11:29:32Z" data-provider="Locale_ServiceIDs" finished-at="2014-06-26T11:29:33Z">
          <params>
            <param index="0">
              <value>
                <![CDATA[es-CO]]>
              </value>
            </param>
            <param index="1">
              <value>
                <![CDATA[68337]]>
              </value>
            </param>
            <param index="2">
              <value>
                <![CDATA[100668]]>
              </value>
            </param>
          </params>
          <reporter-output>
          </reporter-output>
        </test-method> <!-- testisDataEmpty_N -->
      </class> <!-- com.tgxd.gtw.nameApi.test.AiringsTest -->
    </test> <!-- NameTests -->
  </suite> <!-- TGxd Test Suite -->
</testng-results>
