<?xml version="1.0" encoding="UTF-8"?>
<!-- Generated by org.testng.reporters.JUnitXMLReporter -->
<testsuite hostname="mum-1nbharad-m.local" name="AccountTests" tests="3" failures="0" timestamp="6 Aug 2014 09:17:06 GMT" time="3.72" errors="0">
  <testcase name="testgetStatus" time="2.815" classname="com.tgxd.gtw.accountApi.test.AccountAuthenticateTest"/>
  <testcase name="testgetStatus" time="0.339" classname="com.tgxd.gtw.accountApi.test.AccountAuthenticateTest"/>
  <testcase name="testNotNullFieldsforChannel_N" time="0.564" classname="com.tgxd.gtw.accountApi.test.AccountCreateTest"/>
</testsuite>
