<?xml version="1.0" encoding="UTF-8"?>
<!-- Generated by org.testng.reporters.JUnitXMLReporter -->
<testsuite hostname="mum-1nbharad-m.local" name="AdminTests" tests="14" failures="0" timestamp="6 Aug 2014 09:16:41 GMT" time="4.566" errors="0">
  <testcase name="testgetStatus" time="0.299" classname="com.tgxd.gtw.AdminApi.test.AdminGetAllMSOProfileTest"/>
  <testcase name="testgetStatus" time="0.302" classname="com.tgxd.gtw.AdminApi.test.AdminGetAllMSOProfileTest"/>
  <testcase name="testgetStatus" time="0.29" classname="com.tgxd.gtw.AdminApi.test.AdminGetAllMSOProfileTest"/>
  <testcase name="testgetStatus" time="0.293" classname="com.tgxd.gtw.AdminApi.test.AdminGetAllMSOProfileTest"/>
  <testcase name="testisDataEmpty_N" time="0.31" classname="com.tgxd.gtw.AdminApi.test.AdminGetAllMSOProfileTest"/>
  <testcase name="testisDataEmpty_N" time="0.301" classname="com.tgxd.gtw.AdminApi.test.AdminGetAllMSOProfileTest"/>
  <testcase name="testisDataEmpty_N" time="0.299" classname="com.tgxd.gtw.AdminApi.test.AdminGetAllMSOProfileTest"/>
  <testcase name="testisDataEmpty_N" time="0.307" classname="com.tgxd.gtw.AdminApi.test.AdminGetAllMSOProfileTest"/>
  <testcase name="testgetStatus" time="0.349" classname="com.tgxd.gtw.AdminApi.test.AdminGetMSOAppConfigTest"/>
  <testcase name="testgetStatus" time="0.379" classname="com.tgxd.gtw.AdminApi.test.AdminGetMSOAppConfigTest"/>
  <testcase name="testgetStatus" time="0.356" classname="com.tgxd.gtw.AdminApi.test.AdminGetMSOAppConfigTest"/>
  <testcase name="testisDataEmpty_N" time="0.353" classname="com.tgxd.gtw.AdminApi.test.AdminGetMSOAppConfigTest"/>
  <testcase name="testisDataEmpty_N" time="0.354" classname="com.tgxd.gtw.AdminApi.test.AdminGetMSOAppConfigTest"/>
  <testcase name="testisDataEmpty_N" time="0.368" classname="com.tgxd.gtw.AdminApi.test.AdminGetMSOAppConfigTest"/>
</testsuite>
