<?xml version="1.0" encoding="UTF-8"?>
<!-- Generated by org.testng.reporters.JUnitXMLReporter -->
<testsuite hostname="mum-1nbharad-m.local" name="ListingTests" tests="18" failures="0" timestamp="28 Jul 2014 07:09:47 GMT" time="15.818" errors="0">
  <testcase name="testgetStatus" time="1.199" classname="com.tgxd.gtw.ListingsApi.test.ListingFavouriteChannelThumbnailTest"/>
  <testcase name="testgetStatus" time="1.2" classname="com.tgxd.gtw.ListingsApi.test.ListingFavouriteChannelThumbnailTest"/>
  <testcase name="testisDataEmpty_N" time="0.626" classname="com.tgxd.gtw.ListingsApi.test.ListingFavouriteChannelThumbnailTest"/>
  <testcase name="testisDataEmpty_N" time="0.626" classname="com.tgxd.gtw.ListingsApi.test.ListingFavouriteChannelThumbnailTest"/>
  <testcase name="testgetStatus" time="1.914" classname="com.tgxd.gtw.ListingsApi.test.ListingServiceDetailsTest"/>
  <testcase name="testgetStatus" time="3.237" classname="com.tgxd.gtw.ListingsApi.test.ListingServiceDetailsTest"/>
  <testcase name="testisDataEmpty_N" time="0.982" classname="com.tgxd.gtw.ListingsApi.test.ListingServiceDetailsTest"/>
  <testcase name="testisDataEmpty_N" time="3.004" classname="com.tgxd.gtw.ListingsApi.test.ListingServiceDetailsTest"/>
  <testcase name="testgetStatus" time="0.299" classname="com.tgxd.gtw.ListingsApi.test.ListingsGetChannelLineUpsTest"/>
  <testcase name="testisDataEmpty_N" time="0.374" classname="com.tgxd.gtw.ListingsApi.test.ListingsGetChannelLineUpsTest"/>
  <testcase name="testgetStatus" time="0.313" classname="com.tgxd.gtw.ListingsApi.test.ListingsGetChannelLogoTest"/>
  <testcase name="testgetStatus" time="0.313" classname="com.tgxd.gtw.ListingsApi.test.ListingsGetChannelLogoTest"/>
  <testcase name="testisDataEmpty_N" time="0.271" classname="com.tgxd.gtw.ListingsApi.test.ListingsGetChannelLogoTest"/>
  <testcase name="testisDataEmpty_N" time="0.354" classname="com.tgxd.gtw.ListingsApi.test.ListingsGetChannelLogoTest"/>
  <testcase name="testgetStatus" time="0.313" classname="com.tgxd.gtw.ListingsApi.test.ListingsGetServerUtcInfoTest"/>
  <testcase name="testgetStatus" time="0.261" classname="com.tgxd.gtw.ListingsApi.test.ListingsGetServerUtcInfoTest"/>
  <testcase name="testisDataEmpty_N" time="0.26" classname="com.tgxd.gtw.ListingsApi.test.ListingsGetServerUtcInfoTest"/>
  <testcase name="testisDataEmpty_N" time="0.263" classname="com.tgxd.gtw.ListingsApi.test.ListingsGetServerUtcInfoTest"/>
</testsuite>
