<?xml version="1.0" encoding="UTF-8"?>
<!-- Generated by org.testng.reporters.JUnitXMLReporter -->
<testsuite hostname="mum-1nbharad-m.local" name="ListingTests" tests="18" failures="0" timestamp="6 Aug 2014 09:16:27 GMT" time="24.194" errors="0">
  <testcase name="testgetStatus" time="3.882" classname="com.tgxd.gtw.ListingsApi.test.ListingFavouriteChannelThumbnailTest"/>
  <testcase name="testgetStatus" time="3.245" classname="com.tgxd.gtw.ListingsApi.test.ListingFavouriteChannelThumbnailTest"/>
  <testcase name="testisDataEmpty_N" time="1.313" classname="com.tgxd.gtw.ListingsApi.test.ListingFavouriteChannelThumbnailTest"/>
  <testcase name="testisDataEmpty_N" time="4.108" classname="com.tgxd.gtw.ListingsApi.test.ListingFavouriteChannelThumbnailTest"/>
  <testcase name="testgetStatus" time="1.691" classname="com.tgxd.gtw.ListingsApi.test.ListingServiceDetailsTest"/>
  <testcase name="testgetStatus" time="2.947" classname="com.tgxd.gtw.ListingsApi.test.ListingServiceDetailsTest"/>
  <testcase name="testisDataEmpty_N" time="1.043" classname="com.tgxd.gtw.ListingsApi.test.ListingServiceDetailsTest"/>
  <testcase name="testisDataEmpty_N" time="3.145" classname="com.tgxd.gtw.ListingsApi.test.ListingServiceDetailsTest"/>
  <testcase name="testgetStatus" time="0.285" classname="com.tgxd.gtw.ListingsApi.test.ListingsGetChannelLineUpsTest"/>
  <testcase name="testisDataEmpty_N" time="0.285" classname="com.tgxd.gtw.ListingsApi.test.ListingsGetChannelLineUpsTest"/>
  <testcase name="testgetStatus" time="0.297" classname="com.tgxd.gtw.ListingsApi.test.ListingsGetChannelLogoTest"/>
  <testcase name="testgetStatus" time="0.279" classname="com.tgxd.gtw.ListingsApi.test.ListingsGetChannelLogoTest"/>
  <testcase name="testisDataEmpty_N" time="0.28" classname="com.tgxd.gtw.ListingsApi.test.ListingsGetChannelLogoTest"/>
  <testcase name="testisDataEmpty_N" time="0.277" classname="com.tgxd.gtw.ListingsApi.test.ListingsGetChannelLogoTest"/>
  <testcase name="testgetStatus" time="0.311" classname="com.tgxd.gtw.ListingsApi.test.ListingsGetServerUtcInfoTest"/>
  <testcase name="testgetStatus" time="0.264" classname="com.tgxd.gtw.ListingsApi.test.ListingsGetServerUtcInfoTest"/>
  <testcase name="testisDataEmpty_N" time="0.265" classname="com.tgxd.gtw.ListingsApi.test.ListingsGetServerUtcInfoTest"/>
  <testcase name="testisDataEmpty_N" time="0.268" classname="com.tgxd.gtw.ListingsApi.test.ListingsGetServerUtcInfoTest"/>
</testsuite>
