<?xml version="1.0" encoding="UTF-8"?>
<!-- Generated by org.testng.reporters.JUnitXMLReporter -->
<testsuite hostname="mum-1ssehgal-m.local" name="NameTests" tests="22" failures="0" timestamp="7 Jul 2014 08:22:03 GMT" time="17.178" errors="0">
  <testcase name="testgetStatus" time="0.94" classname="com.tgxd.gtw.nameApi.test.AiringsTest"/>
  <testcase name="testgetStatus" time="0.405" classname="com.tgxd.gtw.nameApi.test.AiringsTest"/>
  <testcase name="testisDataEmpty_N" time="0.386" classname="com.tgxd.gtw.nameApi.test.AiringsTest"/>
  <testcase name="testisDataEmpty_N" time="0.314" classname="com.tgxd.gtw.nameApi.test.AiringsTest"/>
  <testcase name="testServiceIDPresentInURL" time="0.805" classname="com.tgxd.gtw.nameApi.test.NameTest"/>
  <testcase name="testServiceIDPresentInURL" time="0.73" classname="com.tgxd.gtw.nameApi.test.NameTest"/>
  <testcase name="testgetStatus" time="0.702" classname="com.tgxd.gtw.nameApi.test.NameTest"/>
  <testcase name="testgetStatus" time="0.731" classname="com.tgxd.gtw.nameApi.test.NameTest"/>
  <testcase name="testisDataEmpty_N" time="0.707" classname="com.tgxd.gtw.nameApi.test.NameTest"/>
  <testcase name="testisDataEmpty_N" time="0.73" classname="com.tgxd.gtw.nameApi.test.NameTest"/>
  <testcase name="testServiceIDInURLs" time="2.067" classname="com.tgxd.gtw.nameApi.test.CreditsTest"/>
  <testcase name="testServiceIDInURLs" time="1.045" classname="com.tgxd.gtw.nameApi.test.CreditsTest"/>
  <testcase name="testgetStatus" time="0.708" classname="com.tgxd.gtw.nameApi.test.CreditsTest"/>
  <testcase name="testgetStatus" time="0.435" classname="com.tgxd.gtw.nameApi.test.CreditsTest"/>
  <testcase name="testisDataEmpty_N" time="0.443" classname="com.tgxd.gtw.nameApi.test.CreditsTest"/>
  <testcase name="testisDataEmpty_N" time="0.452" classname="com.tgxd.gtw.nameApi.test.CreditsTest"/>
  <testcase name="testServiceID" time="1.132" classname="com.tgxd.gtw.nameApi.test.GetFavouritesTest"/>
  <testcase name="testServiceID" time="0.732" classname="com.tgxd.gtw.nameApi.test.GetFavouritesTest"/>
  <testcase name="testgetStatus" time="0.919" classname="com.tgxd.gtw.nameApi.test.GetFavouritesTest"/>
  <testcase name="testgetStatus" time="0.732" classname="com.tgxd.gtw.nameApi.test.GetFavouritesTest"/>
  <testcase name="testisDataEmpty_N" time="0.711" classname="com.tgxd.gtw.nameApi.test.GetFavouritesTest"/>
  <testcase name="testisDataEmpty_N" time="0.626" classname="com.tgxd.gtw.nameApi.test.GetFavouritesTest"/>
</testsuite>
