<?xml version="1.0" encoding="UTF-8"?>
<!-- Generated by org.testng.reporters.JUnitXMLReporter -->
<testsuite hostname="mum-1nbharad-m.local" name="NameTests" tests="22" failures="0" timestamp="28 Jul 2014 07:09:13 GMT" time="15.475" errors="0">
  <testcase name="testgetStatus" time="0.811" classname="com.tgxd.gtw.nameApi.test.AiringsTest"/>
  <testcase name="testgetStatus" time="0.468" classname="com.tgxd.gtw.nameApi.test.AiringsTest"/>
  <testcase name="testisDataEmpty_N" time="0.381" classname="com.tgxd.gtw.nameApi.test.AiringsTest"/>
  <testcase name="testisDataEmpty_N" time="0.307" classname="com.tgxd.gtw.nameApi.test.AiringsTest"/>
  <testcase name="testServiceIDPresentInURL" time="0.911" classname="com.tgxd.gtw.nameApi.test.NameTest"/>
  <testcase name="testServiceIDPresentInURL" time="0.731" classname="com.tgxd.gtw.nameApi.test.NameTest"/>
  <testcase name="testgetStatus" time="0.691" classname="com.tgxd.gtw.nameApi.test.NameTest"/>
  <testcase name="testgetStatus" time="0.837" classname="com.tgxd.gtw.nameApi.test.NameTest"/>
  <testcase name="testisDataEmpty_N" time="0.687" classname="com.tgxd.gtw.nameApi.test.NameTest"/>
  <testcase name="testisDataEmpty_N" time="1.165" classname="com.tgxd.gtw.nameApi.test.NameTest"/>
  <testcase name="testServiceIDInURLs" time="0.631" classname="com.tgxd.gtw.nameApi.test.CreditsTest"/>
  <testcase name="testServiceIDInURLs" time="0.664" classname="com.tgxd.gtw.nameApi.test.CreditsTest"/>
  <testcase name="testgetStatus" time="0.637" classname="com.tgxd.gtw.nameApi.test.CreditsTest"/>
  <testcase name="testgetStatus" time="0.473" classname="com.tgxd.gtw.nameApi.test.CreditsTest"/>
  <testcase name="testisDataEmpty_N" time="0.43" classname="com.tgxd.gtw.nameApi.test.CreditsTest"/>
  <testcase name="testisDataEmpty_N" time="0.508" classname="com.tgxd.gtw.nameApi.test.CreditsTest"/>
  <testcase name="testServiceID" time="0.702" classname="com.tgxd.gtw.nameApi.test.GetFavouritesTest"/>
  <testcase name="testServiceID" time="0.606" classname="com.tgxd.gtw.nameApi.test.GetFavouritesTest"/>
  <testcase name="testgetStatus" time="0.709" classname="com.tgxd.gtw.nameApi.test.GetFavouritesTest"/>
  <testcase name="testgetStatus" time="0.773" classname="com.tgxd.gtw.nameApi.test.GetFavouritesTest"/>
  <testcase name="testisDataEmpty_N" time="0.704" classname="com.tgxd.gtw.nameApi.test.GetFavouritesTest"/>
  <testcase name="testisDataEmpty_N" time="0.731" classname="com.tgxd.gtw.nameApi.test.GetFavouritesTest"/>
</testsuite>
