<?xml version="1.0" encoding="UTF-8"?>
<!-- Generated by org.testng.reporters.JUnitXMLReporter -->
<testsuite hostname="mum-1nbharad-m.local" name="ProgramTests" tests="45" failures="0" timestamp="6 Aug 2014 09:16:03 GMT" time="19.162" errors="0">
  <testcase name="testServiceId" time="1.059" classname="com.tgxd.gtw.programApi.test.ProgramAiringsTest"/>
  <testcase name="testServiceId" time="0.614" classname="com.tgxd.gtw.programApi.test.ProgramAiringsTest"/>
  <testcase name="testgetStatus" time="0.602" classname="com.tgxd.gtw.programApi.test.ProgramAiringsTest"/>
  <testcase name="testgetStatus" time="0.559" classname="com.tgxd.gtw.programApi.test.ProgramAiringsTest"/>
  <testcase name="testisDataEmpty_N" time="0.625" classname="com.tgxd.gtw.programApi.test.ProgramAiringsTest"/>
  <testcase name="testisDataEmpty_N" time="0.567" classname="com.tgxd.gtw.programApi.test.ProgramAiringsTest"/>
  <testcase name="testProgramId" time="0.316" classname="com.tgxd.gtw.programApi.test.ProgramCastCrewTest"/>
  <testcase name="testProgramId" time="0.533" classname="com.tgxd.gtw.programApi.test.ProgramCastCrewTest"/>
  <testcase name="testgetStatus" time="0.315" classname="com.tgxd.gtw.programApi.test.ProgramCastCrewTest"/>
  <testcase name="testgetStatus" time="0.45" classname="com.tgxd.gtw.programApi.test.ProgramCastCrewTest"/>
  <testcase name="testisDataEmpty_N" time="0.325" classname="com.tgxd.gtw.programApi.test.ProgramCastCrewTest"/>
  <testcase name="testisDataEmpty_N" time="0.434" classname="com.tgxd.gtw.programApi.test.ProgramCastCrewTest"/>
  <testcase name="testProgramId" time="0.393" classname="com.tgxd.gtw.programApi.test.ProgramDetailsTest"/>
  <testcase name="testProgramId" time="0.366" classname="com.tgxd.gtw.programApi.test.ProgramDetailsTest"/>
  <testcase name="testProgramId" time="0.523" classname="com.tgxd.gtw.programApi.test.ProgramDetailsTest"/>
  <testcase name="testgetStatus" time="0.396" classname="com.tgxd.gtw.programApi.test.ProgramDetailsTest"/>
  <testcase name="testgetStatus" time="0.418" classname="com.tgxd.gtw.programApi.test.ProgramDetailsTest"/>
  <testcase name="testgetStatus" time="0.53" classname="com.tgxd.gtw.programApi.test.ProgramDetailsTest"/>
  <testcase name="testisDataEmpty_N" time="0.34" classname="com.tgxd.gtw.programApi.test.ProgramDetailsTest"/>
  <testcase name="testisDataEmpty_N" time="0.355" classname="com.tgxd.gtw.programApi.test.ProgramDetailsTest"/>
  <testcase name="testisDataEmpty_N" time="0.544" classname="com.tgxd.gtw.programApi.test.ProgramDetailsTest"/>
  <testcase name="testgetStatus" time="0.381" classname="com.tgxd.gtw.programApi.test.ProgramGetFilteredProgramTest"/>
  <testcase name="testgetStatus" time="0.384" classname="com.tgxd.gtw.programApi.test.ProgramGetFilteredProgramTest"/>
  <testcase name="testgetStatus" time="0.374" classname="com.tgxd.gtw.programApi.test.ProgramGetFilteredProgramTest"/>
  <testcase name="testisDataEmpty_N" time="0.368" classname="com.tgxd.gtw.programApi.test.ProgramGetFilteredProgramTest"/>
  <testcase name="testisDataEmpty_N" time="0.363" classname="com.tgxd.gtw.programApi.test.ProgramGetFilteredProgramTest"/>
  <testcase name="testisDataEmpty_N" time="0.292" classname="com.tgxd.gtw.programApi.test.ProgramGetFilteredProgramTest"/>
  <testcase name="testServiceId" time="0.392" classname="com.tgxd.gtw.programApi.test.ProgramSimilarTest"/>
  <testcase name="testServiceId" time="0.82" classname="com.tgxd.gtw.programApi.test.ProgramSimilarTest"/>
  <testcase name="testgetStatus" time="0.405" classname="com.tgxd.gtw.programApi.test.ProgramSimilarTest"/>
  <testcase name="testgetStatus" time="0.405" classname="com.tgxd.gtw.programApi.test.ProgramSimilarTest"/>
  <testcase name="testisDataEmpty_N" time="0.425" classname="com.tgxd.gtw.programApi.test.ProgramSimilarTest"/>
  <testcase name="testisDataEmpty_N" time="0.424" classname="com.tgxd.gtw.programApi.test.ProgramSimilarTest"/>
  <testcase name="testgetStatus" time="0.392" classname="com.tgxd.gtw.programApi.test.ProgramGetFavouriteProgramTilesTest"/>
  <testcase name="testgetStatus" time="0.388" classname="com.tgxd.gtw.programApi.test.ProgramGetFavouriteProgramTilesTest"/>
  <testcase name="testisDataEmpty_N" time="0.363" classname="com.tgxd.gtw.programApi.test.ProgramGetFavouriteProgramTilesTest"/>
  <testcase name="testisDataEmpty_N" time="0.359" classname="com.tgxd.gtw.programApi.test.ProgramGetFavouriteProgramTilesTest"/>
  <testcase name="testgetStatus" time="0.295" classname="com.tgxd.gtw.programApi.test.ProgramGetGenreListTest"/>
  <testcase name="testgetStatus" time="0.291" classname="com.tgxd.gtw.programApi.test.ProgramGetGenreListTest"/>
  <testcase name="testisDataEmpty_N" time="0.309" classname="com.tgxd.gtw.programApi.test.ProgramGetGenreListTest"/>
  <testcase name="testisDataEmpty_N" time="0.307" classname="com.tgxd.gtw.programApi.test.ProgramGetGenreListTest"/>
  <testcase name="testgetStatus" time="0.282" classname="com.tgxd.gtw.programApi.test.ProgramRecommendTest"/>
  <testcase name="testgetStatus" time="0.281" classname="com.tgxd.gtw.programApi.test.ProgramRecommendTest"/>
  <testcase name="testisDataEmpty_N" time="0.265" classname="com.tgxd.gtw.programApi.test.ProgramRecommendTest"/>
  <testcase name="testisDataEmpty_N" time="0.278" classname="com.tgxd.gtw.programApi.test.ProgramRecommendTest"/>
</testsuite>
