<?xml version="1.0" encoding="UTF-8"?>
<!-- Generated by org.testng.reporters.JUnitXMLReporter -->
<testsuite hostname="mum-1nbharad-m.local" name="ProgramTests" tests="45" failures="0" timestamp="28 Jul 2014 07:09:31 GMT" time="18.601" errors="0">
  <testcase name="testServiceId" time="0.974" classname="com.tgxd.gtw.programApi.test.ProgramAiringsTest"/>
  <testcase name="testServiceId" time="0.627" classname="com.tgxd.gtw.programApi.test.ProgramAiringsTest"/>
  <testcase name="testgetStatus" time="0.73" classname="com.tgxd.gtw.programApi.test.ProgramAiringsTest"/>
  <testcase name="testgetStatus" time="0.624" classname="com.tgxd.gtw.programApi.test.ProgramAiringsTest"/>
  <testcase name="testisDataEmpty_N" time="0.626" classname="com.tgxd.gtw.programApi.test.ProgramAiringsTest"/>
  <testcase name="testisDataEmpty_N" time="0.626" classname="com.tgxd.gtw.programApi.test.ProgramAiringsTest"/>
  <testcase name="testProgramId" time="0.303" classname="com.tgxd.gtw.programApi.test.ProgramCastCrewTest"/>
  <testcase name="testProgramId" time="0.479" classname="com.tgxd.gtw.programApi.test.ProgramCastCrewTest"/>
  <testcase name="testgetStatus" time="0.303" classname="com.tgxd.gtw.programApi.test.ProgramCastCrewTest"/>
  <testcase name="testgetStatus" time="0.388" classname="com.tgxd.gtw.programApi.test.ProgramCastCrewTest"/>
  <testcase name="testisDataEmpty_N" time="0.318" classname="com.tgxd.gtw.programApi.test.ProgramCastCrewTest"/>
  <testcase name="testisDataEmpty_N" time="0.427" classname="com.tgxd.gtw.programApi.test.ProgramCastCrewTest"/>
  <testcase name="testProgramId" time="0.372" classname="com.tgxd.gtw.programApi.test.ProgramDetailsTest"/>
  <testcase name="testProgramId" time="0.349" classname="com.tgxd.gtw.programApi.test.ProgramDetailsTest"/>
  <testcase name="testProgramId" time="0.541" classname="com.tgxd.gtw.programApi.test.ProgramDetailsTest"/>
  <testcase name="testgetStatus" time="0.365" classname="com.tgxd.gtw.programApi.test.ProgramDetailsTest"/>
  <testcase name="testgetStatus" time="0.348" classname="com.tgxd.gtw.programApi.test.ProgramDetailsTest"/>
  <testcase name="testgetStatus" time="0.532" classname="com.tgxd.gtw.programApi.test.ProgramDetailsTest"/>
  <testcase name="testisDataEmpty_N" time="0.37" classname="com.tgxd.gtw.programApi.test.ProgramDetailsTest"/>
  <testcase name="testisDataEmpty_N" time="0.367" classname="com.tgxd.gtw.programApi.test.ProgramDetailsTest"/>
  <testcase name="testisDataEmpty_N" time="0.588" classname="com.tgxd.gtw.programApi.test.ProgramDetailsTest"/>
  <testcase name="testgetStatus" time="0.29" classname="com.tgxd.gtw.programApi.test.ProgramGetFilteredProgramTest"/>
  <testcase name="testgetStatus" time="0.292" classname="com.tgxd.gtw.programApi.test.ProgramGetFilteredProgramTest"/>
  <testcase name="testgetStatus" time="0.296" classname="com.tgxd.gtw.programApi.test.ProgramGetFilteredProgramTest"/>
  <testcase name="testisDataEmpty_N" time="0.292" classname="com.tgxd.gtw.programApi.test.ProgramGetFilteredProgramTest"/>
  <testcase name="testisDataEmpty_N" time="0.394" classname="com.tgxd.gtw.programApi.test.ProgramGetFilteredProgramTest"/>
  <testcase name="testisDataEmpty_N" time="0.313" classname="com.tgxd.gtw.programApi.test.ProgramGetFilteredProgramTest"/>
  <testcase name="testServiceId" time="0.538" classname="com.tgxd.gtw.programApi.test.ProgramSimilarTest"/>
  <testcase name="testServiceId" time="0.479" classname="com.tgxd.gtw.programApi.test.ProgramSimilarTest"/>
  <testcase name="testgetStatus" time="0.39" classname="com.tgxd.gtw.programApi.test.ProgramSimilarTest"/>
  <testcase name="testgetStatus" time="0.428" classname="com.tgxd.gtw.programApi.test.ProgramSimilarTest"/>
  <testcase name="testisDataEmpty_N" time="0.408" classname="com.tgxd.gtw.programApi.test.ProgramSimilarTest"/>
  <testcase name="testisDataEmpty_N" time="0.422" classname="com.tgxd.gtw.programApi.test.ProgramSimilarTest"/>
  <testcase name="testgetStatus" time="0.36" classname="com.tgxd.gtw.programApi.test.ProgramGetFavouriteProgramTilesTest"/>
  <testcase name="testgetStatus" time="0.352" classname="com.tgxd.gtw.programApi.test.ProgramGetFavouriteProgramTilesTest"/>
  <testcase name="testisDataEmpty_N" time="0.338" classname="com.tgxd.gtw.programApi.test.ProgramGetFavouriteProgramTilesTest"/>
  <testcase name="testisDataEmpty_N" time="0.413" classname="com.tgxd.gtw.programApi.test.ProgramGetFavouriteProgramTilesTest"/>
  <testcase name="testgetStatus" time="0.357" classname="com.tgxd.gtw.programApi.test.ProgramGetGenreListTest"/>
  <testcase name="testgetStatus" time="0.292" classname="com.tgxd.gtw.programApi.test.ProgramGetGenreListTest"/>
  <testcase name="testisDataEmpty_N" time="0.334" classname="com.tgxd.gtw.programApi.test.ProgramGetGenreListTest"/>
  <testcase name="testisDataEmpty_N" time="0.28" classname="com.tgxd.gtw.programApi.test.ProgramGetGenreListTest"/>
  <testcase name="testgetStatus" time="0.271" classname="com.tgxd.gtw.programApi.test.ProgramRecommendTest"/>
  <testcase name="testgetStatus" time="0.264" classname="com.tgxd.gtw.programApi.test.ProgramRecommendTest"/>
  <testcase name="testisDataEmpty_N" time="0.26" classname="com.tgxd.gtw.programApi.test.ProgramRecommendTest"/>
  <testcase name="testisDataEmpty_N" time="0.263" classname="com.tgxd.gtw.programApi.test.ProgramRecommendTest"/>
</testsuite>
