<?xml version="1.0" encoding="UTF-8"?>
<!-- Generated by org.testng.reporters.JUnitXMLReporter -->
<testsuite hostname="mum-1nbharad-m.local" name="SearchTests" tests="14" failures="0" timestamp="6 Aug 2014 09:16:36 GMT" time="8.913" errors="0">
  <testcase name="testQueryValueNotPresentInResults_N" time="0.281" classname="com.tgxd.gtw.SearchApi.test.SearchAutoSuggestTest"/>
  <testcase name="testQueryValueNotPresentInResults_N" time="0.277" classname="com.tgxd.gtw.SearchApi.test.SearchAutoSuggestTest"/>
  <testcase name="testgetStatus" time="0.276" classname="com.tgxd.gtw.SearchApi.test.SearchAutoSuggestTest"/>
  <testcase name="testgetStatus" time="0.283" classname="com.tgxd.gtw.SearchApi.test.SearchAutoSuggestTest"/>
  <testcase name="testisDataEmpty_N" time="0.276" classname="com.tgxd.gtw.SearchApi.test.SearchAutoSuggestTest"/>
  <testcase name="testisDataEmpty_N" time="0.299" classname="com.tgxd.gtw.SearchApi.test.SearchAutoSuggestTest"/>
  <testcase name="testgetStatus" time="0.86" classname="com.tgxd.gtw.SearchApi.test.SearchProgramInfoTest"/>
  <testcase name="testgetStatus" time="0.846" classname="com.tgxd.gtw.SearchApi.test.SearchProgramInfoTest"/>
  <testcase name="testisDataEmpty_N" time="0.894" classname="com.tgxd.gtw.SearchApi.test.SearchProgramInfoTest"/>
  <testcase name="testisDataEmpty_N" time="0.751" classname="com.tgxd.gtw.SearchApi.test.SearchProgramInfoTest"/>
  <testcase name="testgetStatus" time="1.163" classname="com.tgxd.gtw.SearchApi.test.SearchResultsTest"/>
  <testcase name="testgetStatus" time="1.0" classname="com.tgxd.gtw.SearchApi.test.SearchResultsTest"/>
  <testcase name="testisDataEmpty_N" time="0.753" classname="com.tgxd.gtw.SearchApi.test.SearchResultsTest"/>
  <testcase name="testisDataEmpty_N" time="0.947" classname="com.tgxd.gtw.SearchApi.test.SearchResultsTest"/>
</testsuite>
