<?xml version="1.0" encoding="UTF-8"?>
<!-- Generated by org.testng.reporters.JUnitXMLReporter -->
<testsuite hostname="mum-1nbharad-m.local" name="ServiceTests" tests="12" failures="0" timestamp="6 Aug 2014 09:17:02 GMT" time="21.058" errors="0">
  <testcase name="testNotNullFieldsforChannel_N" time="2.988" classname="com.tgxd.gtw.serviceApi.test.GetScheduleTest"/>
  <testcase name="testNotNullFieldsforChannel_N" time="0.369" classname="com.tgxd.gtw.serviceApi.test.GetScheduleTest"/>
  <testcase name="testgetStatus" time="2.391" classname="com.tgxd.gtw.serviceApi.test.GetScheduleTest"/>
  <testcase name="testgetStatus" time="0.338" classname="com.tgxd.gtw.serviceApi.test.GetScheduleTest"/>
  <testcase name="testisDataEmpty_N" time="4.076" classname="com.tgxd.gtw.serviceApi.test.GetScheduleTest"/>
  <testcase name="testisDataEmpty_N" time="0.344" classname="com.tgxd.gtw.serviceApi.test.GetScheduleTest"/>
  <testcase name="testNotNullFieldsforChannel_N" time="2.159" classname="com.tgxd.gtw.serviceApi.test.GetSourceScheduleTest"/>
  <testcase name="testNotNullFieldsforChannel_N" time="0.342" classname="com.tgxd.gtw.serviceApi.test.GetSourceScheduleTest"/>
  <testcase name="testgetStatus" time="1.933" classname="com.tgxd.gtw.serviceApi.test.GetSourceScheduleTest"/>
  <testcase name="testgetStatus" time="0.343" classname="com.tgxd.gtw.serviceApi.test.GetSourceScheduleTest"/>
  <testcase name="testisDataEmpty_N" time="2.21" classname="com.tgxd.gtw.serviceApi.test.GetSourceScheduleTest"/>
  <testcase name="testisDataEmpty_N" time="0.34" classname="com.tgxd.gtw.serviceApi.test.GetSourceScheduleTest"/>
</testsuite>
