<?xml version="1.0" encoding="UTF-8"?>
<testsuite name="NameTests"
           tests="8"
           failures="0"
           errors="0"
           skipped="0"
           time="7.733">
  <properties />
  
  
            <testcase name="testNotNullFields_N" time="1.593" classname="com.tgxd.gtw.nameApi.test.AiringsTest" />
                <testcase name="testisDataEmpty_N" time="0.924" classname="com.tgxd.gtw.nameApi.test.AiringsTest" />
                <testcase name="testgetStatus" time="0.837" classname="com.tgxd.gtw.nameApi.test.AiringsTest" />
                <testcase name="testServiceID" time="0.879" classname="com.tgxd.gtw.nameApi.test.AiringsTest" />
                <testcase name="testisDataEmpty_N" time="0.779" classname="com.tgxd.gtw.nameApi.test.AiringsTest" />
                <testcase name="testgetStatus" time="0.838" classname="com.tgxd.gtw.nameApi.test.AiringsTest" />
                <testcase name="testNotNullFields_N" time="1.102" classname="com.tgxd.gtw.nameApi.test.AiringsTest" />
                <testcase name="testServiceID" time="0.781" classname="com.tgxd.gtw.nameApi.test.AiringsTest" />
      
</testsuite>
