<?xml version="1.0" encoding="UTF-8"?>
<testsuite name="TestSuite" time="78.307" tests="106" errors="0" skipped="0" failures="0">
  <properties>
[...]
</properties>
  <testcase name="testServiceId" classname="com.tgxd.gtw.programApi.test.ProgramAiringsTest" time="1.058"/>
  <testcase name="testServiceId" classname="com.tgxd.gtw.programApi.test.ProgramAiringsTest" time="0.612"/>
  <testcase name="testgetStatus" classname="com.tgxd.gtw.programApi.test.ProgramAiringsTest" time="0.602"/>
  <testcase name="testgetStatus" classname="com.tgxd.gtw.programApi.test.ProgramAiringsTest" time="0.56"/>
  <testcase name="testisDataEmpty_N" classname="com.tgxd.gtw.programApi.test.ProgramAiringsTest" time="0.625"/>
  <testcase name="testisDataEmpty_N" classname="com.tgxd.gtw.programApi.test.ProgramAiringsTest" time="0.568"/>
  <testcase name="testProgramId" classname="com.tgxd.gtw.programApi.test.ProgramCastCrewTest" time="0.317"/>
  <testcase name="testProgramId" classname="com.tgxd.gtw.programApi.test.ProgramCastCrewTest" time="0.533"/>
  <testcase name="testgetStatus" classname="com.tgxd.gtw.programApi.test.ProgramCastCrewTest" time="0.315"/>
  <testcase name="testgetStatus" classname="com.tgxd.gtw.programApi.test.ProgramCastCrewTest" time="0.45"/>
  <testcase name="testisDataEmpty_N" classname="com.tgxd.gtw.programApi.test.ProgramCastCrewTest" time="0.325"/>
  <testcase name="testisDataEmpty_N" classname="com.tgxd.gtw.programApi.test.ProgramCastCrewTest" time="0.433"/>
  <testcase name="testProgramId" classname="com.tgxd.gtw.programApi.test.ProgramDetailsTest" time="0.393"/>
  <testcase name="testProgramId" classname="com.tgxd.gtw.programApi.test.ProgramDetailsTest" time="0.366"/>
  <testcase name="testProgramId" classname="com.tgxd.gtw.programApi.test.ProgramDetailsTest" time="0.523"/>
  <testcase name="testgetStatus" classname="com.tgxd.gtw.programApi.test.ProgramDetailsTest" time="0.396"/>
  <testcase name="testgetStatus" classname="com.tgxd.gtw.programApi.test.ProgramDetailsTest" time="0.418"/>
  <testcase name="testgetStatus" classname="com.tgxd.gtw.programApi.test.ProgramDetailsTest" time="0.53"/>
  <testcase name="testisDataEmpty_N" classname="com.tgxd.gtw.programApi.test.ProgramDetailsTest" time="0.339"/>
  <testcase name="testisDataEmpty_N" classname="com.tgxd.gtw.programApi.test.ProgramDetailsTest" time="0.356"/>
  <testcase name="testisDataEmpty_N" classname="com.tgxd.gtw.programApi.test.ProgramDetailsTest" time="0.543"/>
  <testcase name="testgetStatus" classname="com.tgxd.gtw.programApi.test.ProgramGetFilteredProgramTest" time="0.38"/>
  <testcase name="testgetStatus" classname="com.tgxd.gtw.programApi.test.ProgramGetFilteredProgramTest" time="0.384"/>
  <testcase name="testgetStatus" classname="com.tgxd.gtw.programApi.test.ProgramGetFilteredProgramTest" time="0.375"/>
  <testcase name="testisDataEmpty_N" classname="com.tgxd.gtw.programApi.test.ProgramGetFilteredProgramTest" time="0.368"/>
  <testcase name="testisDataEmpty_N" classname="com.tgxd.gtw.programApi.test.ProgramGetFilteredProgramTest" time="0.363"/>
  <testcase name="testisDataEmpty_N" classname="com.tgxd.gtw.programApi.test.ProgramGetFilteredProgramTest" time="0.292"/>
  <testcase name="testServiceId" classname="com.tgxd.gtw.programApi.test.ProgramSimilarTest" time="0.392"/>
  <testcase name="testServiceId" classname="com.tgxd.gtw.programApi.test.ProgramSimilarTest" time="0.82"/>
  <testcase name="testgetStatus" classname="com.tgxd.gtw.programApi.test.ProgramSimilarTest" time="0.404"/>
  <testcase name="testgetStatus" classname="com.tgxd.gtw.programApi.test.ProgramSimilarTest" time="0.404"/>
  <testcase name="testisDataEmpty_N" classname="com.tgxd.gtw.programApi.test.ProgramSimilarTest" time="0.425"/>
  <testcase name="testisDataEmpty_N" classname="com.tgxd.gtw.programApi.test.ProgramSimilarTest" time="0.424"/>
  <testcase name="testgetStatus" classname="com.tgxd.gtw.programApi.test.ProgramGetFavouriteProgramTilesTest" time="0.392"/>
  <testcase name="testgetStatus" classname="com.tgxd.gtw.programApi.test.ProgramGetFavouriteProgramTilesTest" time="0.388"/>
  <testcase name="testisDataEmpty_N" classname="com.tgxd.gtw.programApi.test.ProgramGetFavouriteProgramTilesTest" time="0.363"/>
  <testcase name="testisDataEmpty_N" classname="com.tgxd.gtw.programApi.test.ProgramGetFavouriteProgramTilesTest" time="0.358"/>
  <testcase name="testgetStatus" classname="com.tgxd.gtw.programApi.test.ProgramGetGenreListTest" time="0.296"/>
  <testcase name="testgetStatus" classname="com.tgxd.gtw.programApi.test.ProgramGetGenreListTest" time="0.291"/>
  <testcase name="testisDataEmpty_N" classname="com.tgxd.gtw.programApi.test.ProgramGetGenreListTest" time="0.309"/>
  <testcase name="testisDataEmpty_N" classname="com.tgxd.gtw.programApi.test.ProgramGetGenreListTest" time="0.308"/>
  <testcase name="testgetStatus" classname="com.tgxd.gtw.programApi.test.ProgramRecommendTest" time="0.282"/>
  <testcase name="testgetStatus" classname="com.tgxd.gtw.programApi.test.ProgramRecommendTest" time="0.281"/>
  <testcase name="testisDataEmpty_N" classname="com.tgxd.gtw.programApi.test.ProgramRecommendTest" time="0.266"/>
  <testcase name="testisDataEmpty_N" classname="com.tgxd.gtw.programApi.test.ProgramRecommendTest" time="0.278"/>
  <testcase name="testgetStatus" classname="com.tgxd.gtw.ListingsApi.test.ListingFavouriteChannelThumbnailTest" time="3.882"/>
  <testcase name="testgetStatus" classname="com.tgxd.gtw.ListingsApi.test.ListingFavouriteChannelThumbnailTest" time="3.245"/>
  <testcase name="testisDataEmpty_N" classname="com.tgxd.gtw.ListingsApi.test.ListingFavouriteChannelThumbnailTest" time="1.313"/>
  <testcase name="testisDataEmpty_N" classname="com.tgxd.gtw.ListingsApi.test.ListingFavouriteChannelThumbnailTest" time="4.108"/>
  <testcase name="testgetStatus" classname="com.tgxd.gtw.ListingsApi.test.ListingServiceDetailsTest" time="1.691"/>
  <testcase name="testgetStatus" classname="com.tgxd.gtw.ListingsApi.test.ListingServiceDetailsTest" time="2.947"/>
  <testcase name="testisDataEmpty_N" classname="com.tgxd.gtw.ListingsApi.test.ListingServiceDetailsTest" time="1.043"/>
  <testcase name="testisDataEmpty_N" classname="com.tgxd.gtw.ListingsApi.test.ListingServiceDetailsTest" time="3.145"/>
  <testcase name="testgetStatus" classname="com.tgxd.gtw.ListingsApi.test.ListingsGetChannelLineUpsTest" time="0.285"/>
  <testcase name="testisDataEmpty_N" classname="com.tgxd.gtw.ListingsApi.test.ListingsGetChannelLineUpsTest" time="0.285"/>
  <testcase name="testgetStatus" classname="com.tgxd.gtw.ListingsApi.test.ListingsGetChannelLogoTest" time="0.298"/>
  <testcase name="testgetStatus" classname="com.tgxd.gtw.ListingsApi.test.ListingsGetChannelLogoTest" time="0.279"/>
  <testcase name="testisDataEmpty_N" classname="com.tgxd.gtw.ListingsApi.test.ListingsGetChannelLogoTest" time="0.28"/>
  <testcase name="testisDataEmpty_N" classname="com.tgxd.gtw.ListingsApi.test.ListingsGetChannelLogoTest" time="0.277"/>
  <testcase name="testgetStatus" classname="com.tgxd.gtw.ListingsApi.test.ListingsGetServerUtcInfoTest" time="0.31"/>
  <testcase name="testgetStatus" classname="com.tgxd.gtw.ListingsApi.test.ListingsGetServerUtcInfoTest" time="0.264"/>
  <testcase name="testisDataEmpty_N" classname="com.tgxd.gtw.ListingsApi.test.ListingsGetServerUtcInfoTest" time="0.265"/>
  <testcase name="testisDataEmpty_N" classname="com.tgxd.gtw.ListingsApi.test.ListingsGetServerUtcInfoTest" time="0.267"/>
  <testcase name="testQueryValueNotPresentInResults_N" classname="com.tgxd.gtw.SearchApi.test.SearchAutoSuggestTest" time="0.281"/>
  <testcase name="testQueryValueNotPresentInResults_N" classname="com.tgxd.gtw.SearchApi.test.SearchAutoSuggestTest" time="0.277"/>
  <testcase name="testgetStatus" classname="com.tgxd.gtw.SearchApi.test.SearchAutoSuggestTest" time="0.276"/>
  <testcase name="testgetStatus" classname="com.tgxd.gtw.SearchApi.test.SearchAutoSuggestTest" time="0.282"/>
  <testcase name="testisDataEmpty_N" classname="com.tgxd.gtw.SearchApi.test.SearchAutoSuggestTest" time="0.276"/>
  <testcase name="testisDataEmpty_N" classname="com.tgxd.gtw.SearchApi.test.SearchAutoSuggestTest" time="0.299"/>
  <testcase name="testgetStatus" classname="com.tgxd.gtw.SearchApi.test.SearchProgramInfoTest" time="0.86"/>
  <testcase name="testgetStatus" classname="com.tgxd.gtw.SearchApi.test.SearchProgramInfoTest" time="0.847"/>
  <testcase name="testisDataEmpty_N" classname="com.tgxd.gtw.SearchApi.test.SearchProgramInfoTest" time="0.894"/>
  <testcase name="testisDataEmpty_N" classname="com.tgxd.gtw.SearchApi.test.SearchProgramInfoTest" time="0.751"/>
  <testcase name="testgetStatus" classname="com.tgxd.gtw.SearchApi.test.SearchResultsTest" time="1.163"/>
  <testcase name="testgetStatus" classname="com.tgxd.gtw.SearchApi.test.SearchResultsTest" time="1"/>
  <testcase name="testisDataEmpty_N" classname="com.tgxd.gtw.SearchApi.test.SearchResultsTest" time="0.753"/>
  <testcase name="testisDataEmpty_N" classname="com.tgxd.gtw.SearchApi.test.SearchResultsTest" time="0.947"/>
  <testcase name="testgetStatus" classname="com.tgxd.gtw.AdminApi.test.AdminGetAllMSOProfileTest" time="0.3"/>
  <testcase name="testgetStatus" classname="com.tgxd.gtw.AdminApi.test.AdminGetAllMSOProfileTest" time="0.301"/>
  <testcase name="testgetStatus" classname="com.tgxd.gtw.AdminApi.test.AdminGetAllMSOProfileTest" time="0.29"/>
  <testcase name="testgetStatus" classname="com.tgxd.gtw.AdminApi.test.AdminGetAllMSOProfileTest" time="0.294"/>
  <testcase name="testisDataEmpty_N" classname="com.tgxd.gtw.AdminApi.test.AdminGetAllMSOProfileTest" time="0.31"/>
  <testcase name="testisDataEmpty_N" classname="com.tgxd.gtw.AdminApi.test.AdminGetAllMSOProfileTest" time="0.302"/>
  <testcase name="testisDataEmpty_N" classname="com.tgxd.gtw.AdminApi.test.AdminGetAllMSOProfileTest" time="0.299"/>
  <testcase name="testisDataEmpty_N" classname="com.tgxd.gtw.AdminApi.test.AdminGetAllMSOProfileTest" time="0.307"/>
  <testcase name="testgetStatus" classname="com.tgxd.gtw.AdminApi.test.AdminGetMSOAppConfigTest" time="0.349"/>
  <testcase name="testgetStatus" classname="com.tgxd.gtw.AdminApi.test.AdminGetMSOAppConfigTest" time="0.379"/>
  <testcase name="testgetStatus" classname="com.tgxd.gtw.AdminApi.test.AdminGetMSOAppConfigTest" time="0.357"/>
  <testcase name="testisDataEmpty_N" classname="com.tgxd.gtw.AdminApi.test.AdminGetMSOAppConfigTest" time="0.353"/>
  <testcase name="testisDataEmpty_N" classname="com.tgxd.gtw.AdminApi.test.AdminGetMSOAppConfigTest" time="0.354"/>
  <testcase name="testisDataEmpty_N" classname="com.tgxd.gtw.AdminApi.test.AdminGetMSOAppConfigTest" time="0.368"/>
  <testcase name="testNotNullFieldsforChannel_N" classname="com.tgxd.gtw.serviceApi.test.GetScheduleTest" time="2.987"/>
  <testcase name="testNotNullFieldsforChannel_N" classname="com.tgxd.gtw.serviceApi.test.GetScheduleTest" time="0.369"/>
  <testcase name="testgetStatus" classname="com.tgxd.gtw.serviceApi.test.GetScheduleTest" time="2.391"/>
  <testcase name="testgetStatus" classname="com.tgxd.gtw.serviceApi.test.GetScheduleTest" time="0.338"/>
  <testcase name="testisDataEmpty_N" classname="com.tgxd.gtw.serviceApi.test.GetScheduleTest" time="4.076"/>
  <testcase name="testisDataEmpty_N" classname="com.tgxd.gtw.serviceApi.test.GetScheduleTest" time="0.344"/>
  <testcase name="testNotNullFieldsforChannel_N" classname="com.tgxd.gtw.serviceApi.test.GetSourceScheduleTest" time="2.159"/>
  <testcase name="testNotNullFieldsforChannel_N" classname="com.tgxd.gtw.serviceApi.test.GetSourceScheduleTest" time="0.342"/>
  <testcase name="testgetStatus" classname="com.tgxd.gtw.serviceApi.test.GetSourceScheduleTest" time="1.933"/>
  <testcase name="testgetStatus" classname="com.tgxd.gtw.serviceApi.test.GetSourceScheduleTest" time="0.343"/>
  <testcase name="testisDataEmpty_N" classname="com.tgxd.gtw.serviceApi.test.GetSourceScheduleTest" time="2.209"/>
  <testcase name="testisDataEmpty_N" classname="com.tgxd.gtw.serviceApi.test.GetSourceScheduleTest" time="0.34"/>
  <testcase name="testgetStatus" classname="com.tgxd.gtw.accountApi.test.AccountAuthenticateTest" time="2.815"/>
  <testcase name="testgetStatus" classname="com.tgxd.gtw.accountApi.test.AccountAuthenticateTest" time="0.339"/>
  <testcase name="testNotNullFieldsforChannel_N" classname="com.tgxd.gtw.accountApi.test.AccountCreateTest" time="0.564"/>
</testsuite>