<?xml version="1.0" encoding="UTF-8"?>
<testsuite name="TestSuite" time="48.939" tests="85" errors="0" skipped="0" failures="0">
  <properties>
[...]
</properties>
  <testcase name="testgetStatus" classname="com.tgxd.gtw.nameApi.test.AiringsTest" time="0.811"/>
  <testcase name="testgetStatus" classname="com.tgxd.gtw.nameApi.test.AiringsTest" time="0.466"/>
  <testcase name="testisDataEmpty_N" classname="com.tgxd.gtw.nameApi.test.AiringsTest" time="0.381"/>
  <testcase name="testisDataEmpty_N" classname="com.tgxd.gtw.nameApi.test.AiringsTest" time="0.307"/>
  <testcase name="testServiceIDPresentInURL" classname="com.tgxd.gtw.nameApi.test.NameTest" time="0.911"/>
  <testcase name="testServiceIDPresentInURL" classname="com.tgxd.gtw.nameApi.test.NameTest" time="0.73"/>
  <testcase name="testgetStatus" classname="com.tgxd.gtw.nameApi.test.NameTest" time="0.69"/>
  <testcase name="testgetStatus" classname="com.tgxd.gtw.nameApi.test.NameTest" time="0.837"/>
  <testcase name="testisDataEmpty_N" classname="com.tgxd.gtw.nameApi.test.NameTest" time="0.686"/>
  <testcase name="testisDataEmpty_N" classname="com.tgxd.gtw.nameApi.test.NameTest" time="1.165"/>
  <testcase name="testServiceIDInURLs" classname="com.tgxd.gtw.nameApi.test.CreditsTest" time="0.63"/>
  <testcase name="testServiceIDInURLs" classname="com.tgxd.gtw.nameApi.test.CreditsTest" time="0.663"/>
  <testcase name="testgetStatus" classname="com.tgxd.gtw.nameApi.test.CreditsTest" time="0.637"/>
  <testcase name="testgetStatus" classname="com.tgxd.gtw.nameApi.test.CreditsTest" time="0.473"/>
  <testcase name="testisDataEmpty_N" classname="com.tgxd.gtw.nameApi.test.CreditsTest" time="0.43"/>
  <testcase name="testisDataEmpty_N" classname="com.tgxd.gtw.nameApi.test.CreditsTest" time="0.508"/>
  <testcase name="testServiceID" classname="com.tgxd.gtw.nameApi.test.GetFavouritesTest" time="0.702"/>
  <testcase name="testServiceID" classname="com.tgxd.gtw.nameApi.test.GetFavouritesTest" time="0.606"/>
  <testcase name="testgetStatus" classname="com.tgxd.gtw.nameApi.test.GetFavouritesTest" time="0.708"/>
  <testcase name="testgetStatus" classname="com.tgxd.gtw.nameApi.test.GetFavouritesTest" time="0.773"/>
  <testcase name="testisDataEmpty_N" classname="com.tgxd.gtw.nameApi.test.GetFavouritesTest" time="0.704"/>
  <testcase name="testisDataEmpty_N" classname="com.tgxd.gtw.nameApi.test.GetFavouritesTest" time="0.731"/>
  <testcase name="testServiceId" classname="com.tgxd.gtw.programApi.test.ProgramAiringsTest" time="0.974"/>
  <testcase name="testServiceId" classname="com.tgxd.gtw.programApi.test.ProgramAiringsTest" time="0.627"/>
  <testcase name="testgetStatus" classname="com.tgxd.gtw.programApi.test.ProgramAiringsTest" time="0.73"/>
  <testcase name="testgetStatus" classname="com.tgxd.gtw.programApi.test.ProgramAiringsTest" time="0.624"/>
  <testcase name="testisDataEmpty_N" classname="com.tgxd.gtw.programApi.test.ProgramAiringsTest" time="0.626"/>
  <testcase name="testisDataEmpty_N" classname="com.tgxd.gtw.programApi.test.ProgramAiringsTest" time="0.627"/>
  <testcase name="testProgramId" classname="com.tgxd.gtw.programApi.test.ProgramCastCrewTest" time="0.304"/>
  <testcase name="testProgramId" classname="com.tgxd.gtw.programApi.test.ProgramCastCrewTest" time="0.478"/>
  <testcase name="testgetStatus" classname="com.tgxd.gtw.programApi.test.ProgramCastCrewTest" time="0.302"/>
  <testcase name="testgetStatus" classname="com.tgxd.gtw.programApi.test.ProgramCastCrewTest" time="0.388"/>
  <testcase name="testisDataEmpty_N" classname="com.tgxd.gtw.programApi.test.ProgramCastCrewTest" time="0.318"/>
  <testcase name="testisDataEmpty_N" classname="com.tgxd.gtw.programApi.test.ProgramCastCrewTest" time="0.426"/>
  <testcase name="testProgramId" classname="com.tgxd.gtw.programApi.test.ProgramDetailsTest" time="0.371"/>
  <testcase name="testProgramId" classname="com.tgxd.gtw.programApi.test.ProgramDetailsTest" time="0.349"/>
  <testcase name="testProgramId" classname="com.tgxd.gtw.programApi.test.ProgramDetailsTest" time="0.541"/>
  <testcase name="testgetStatus" classname="com.tgxd.gtw.programApi.test.ProgramDetailsTest" time="0.365"/>
  <testcase name="testgetStatus" classname="com.tgxd.gtw.programApi.test.ProgramDetailsTest" time="0.348"/>
  <testcase name="testgetStatus" classname="com.tgxd.gtw.programApi.test.ProgramDetailsTest" time="0.532"/>
  <testcase name="testisDataEmpty_N" classname="com.tgxd.gtw.programApi.test.ProgramDetailsTest" time="0.37"/>
  <testcase name="testisDataEmpty_N" classname="com.tgxd.gtw.programApi.test.ProgramDetailsTest" time="0.367"/>
  <testcase name="testisDataEmpty_N" classname="com.tgxd.gtw.programApi.test.ProgramDetailsTest" time="0.588"/>
  <testcase name="testgetStatus" classname="com.tgxd.gtw.programApi.test.ProgramGetFilteredProgramTest" time="0.29"/>
  <testcase name="testgetStatus" classname="com.tgxd.gtw.programApi.test.ProgramGetFilteredProgramTest" time="0.292"/>
  <testcase name="testgetStatus" classname="com.tgxd.gtw.programApi.test.ProgramGetFilteredProgramTest" time="0.296"/>
  <testcase name="testisDataEmpty_N" classname="com.tgxd.gtw.programApi.test.ProgramGetFilteredProgramTest" time="0.291"/>
  <testcase name="testisDataEmpty_N" classname="com.tgxd.gtw.programApi.test.ProgramGetFilteredProgramTest" time="0.394"/>
  <testcase name="testisDataEmpty_N" classname="com.tgxd.gtw.programApi.test.ProgramGetFilteredProgramTest" time="0.313"/>
  <testcase name="testServiceId" classname="com.tgxd.gtw.programApi.test.ProgramSimilarTest" time="0.538"/>
  <testcase name="testServiceId" classname="com.tgxd.gtw.programApi.test.ProgramSimilarTest" time="0.479"/>
  <testcase name="testgetStatus" classname="com.tgxd.gtw.programApi.test.ProgramSimilarTest" time="0.39"/>
  <testcase name="testgetStatus" classname="com.tgxd.gtw.programApi.test.ProgramSimilarTest" time="0.428"/>
  <testcase name="testisDataEmpty_N" classname="com.tgxd.gtw.programApi.test.ProgramSimilarTest" time="0.408"/>
  <testcase name="testisDataEmpty_N" classname="com.tgxd.gtw.programApi.test.ProgramSimilarTest" time="0.422"/>
  <testcase name="testgetStatus" classname="com.tgxd.gtw.programApi.test.ProgramGetFavouriteProgramTilesTest" time="0.36"/>
  <testcase name="testgetStatus" classname="com.tgxd.gtw.programApi.test.ProgramGetFavouriteProgramTilesTest" time="0.353"/>
  <testcase name="testisDataEmpty_N" classname="com.tgxd.gtw.programApi.test.ProgramGetFavouriteProgramTilesTest" time="0.338"/>
  <testcase name="testisDataEmpty_N" classname="com.tgxd.gtw.programApi.test.ProgramGetFavouriteProgramTilesTest" time="0.414"/>
  <testcase name="testgetStatus" classname="com.tgxd.gtw.programApi.test.ProgramGetGenreListTest" time="0.357"/>
  <testcase name="testgetStatus" classname="com.tgxd.gtw.programApi.test.ProgramGetGenreListTest" time="0.29"/>
  <testcase name="testisDataEmpty_N" classname="com.tgxd.gtw.programApi.test.ProgramGetGenreListTest" time="0.334"/>
  <testcase name="testisDataEmpty_N" classname="com.tgxd.gtw.programApi.test.ProgramGetGenreListTest" time="0.28"/>
  <testcase name="testgetStatus" classname="com.tgxd.gtw.programApi.test.ProgramRecommendTest" time="0.271"/>
  <testcase name="testgetStatus" classname="com.tgxd.gtw.programApi.test.ProgramRecommendTest" time="0.264"/>
  <testcase name="testisDataEmpty_N" classname="com.tgxd.gtw.programApi.test.ProgramRecommendTest" time="0.259"/>
  <testcase name="testisDataEmpty_N" classname="com.tgxd.gtw.programApi.test.ProgramRecommendTest" time="0.263"/>
  <testcase name="testgetStatus" classname="com.tgxd.gtw.ListingsApi.test.ListingFavouriteChannelThumbnailTest" time="1.199"/>
  <testcase name="testgetStatus" classname="com.tgxd.gtw.ListingsApi.test.ListingFavouriteChannelThumbnailTest" time="1.201"/>
  <testcase name="testisDataEmpty_N" classname="com.tgxd.gtw.ListingsApi.test.ListingFavouriteChannelThumbnailTest" time="0.626"/>
  <testcase name="testisDataEmpty_N" classname="com.tgxd.gtw.ListingsApi.test.ListingFavouriteChannelThumbnailTest" time="0.626"/>
  <testcase name="testgetStatus" classname="com.tgxd.gtw.ListingsApi.test.ListingServiceDetailsTest" time="1.914"/>
  <testcase name="testgetStatus" classname="com.tgxd.gtw.ListingsApi.test.ListingServiceDetailsTest" time="3.238"/>
  <testcase name="testisDataEmpty_N" classname="com.tgxd.gtw.ListingsApi.test.ListingServiceDetailsTest" time="0.982"/>
  <testcase name="testisDataEmpty_N" classname="com.tgxd.gtw.ListingsApi.test.ListingServiceDetailsTest" time="3.004"/>
  <testcase name="testgetStatus" classname="com.tgxd.gtw.ListingsApi.test.ListingsGetChannelLineUpsTest" time="0.299"/>
  <testcase name="testisDataEmpty_N" classname="com.tgxd.gtw.ListingsApi.test.ListingsGetChannelLineUpsTest" time="0.374"/>
  <testcase name="testgetStatus" classname="com.tgxd.gtw.ListingsApi.test.ListingsGetChannelLogoTest" time="0.313"/>
  <testcase name="testgetStatus" classname="com.tgxd.gtw.ListingsApi.test.ListingsGetChannelLogoTest" time="0.313"/>
  <testcase name="testisDataEmpty_N" classname="com.tgxd.gtw.ListingsApi.test.ListingsGetChannelLogoTest" time="0.272"/>
  <testcase name="testisDataEmpty_N" classname="com.tgxd.gtw.ListingsApi.test.ListingsGetChannelLogoTest" time="0.354"/>
  <testcase name="testgetStatus" classname="com.tgxd.gtw.ListingsApi.test.ListingsGetServerUtcInfoTest" time="0.313"/>
  <testcase name="testgetStatus" classname="com.tgxd.gtw.ListingsApi.test.ListingsGetServerUtcInfoTest" time="0.261"/>
  <testcase name="testisDataEmpty_N" classname="com.tgxd.gtw.ListingsApi.test.ListingsGetServerUtcInfoTest" time="0.259"/>
  <testcase name="testisDataEmpty_N" classname="com.tgxd.gtw.ListingsApi.test.ListingsGetServerUtcInfoTest" time="0.263"/>
</testsuite>