<?xml version="1.0" encoding="UTF-8"?>
<testng-results skipped="0" failed="0" total="106" passed="106">
  <reporter-output>
  </reporter-output>
  <suite name="TGxd Test Suite" duration-ms="81924" started-at="2014-08-06T14:45:44Z" finished-at="2014-08-06T14:47:06Z">
    <groups>
      <group name="Sanity">
        <method signature="ProgramAiringsTest.testServiceId(java.lang.String, java.lang.String, java.lang.String, java.lang.String)[pri:0, instance:com.tgxd.gtw.programApi.test.ProgramAiringsTest@652f5047]" name="testServiceId" class="com.tgxd.gtw.programApi.test.ProgramAiringsTest"/>
        <method signature="ProgramAiringsTest.testgetStatus(java.lang.String, java.lang.String, java.lang.String, java.lang.String)[pri:0, instance:com.tgxd.gtw.programApi.test.ProgramAiringsTest@652f5047]" name="testgetStatus" class="com.tgxd.gtw.programApi.test.ProgramAiringsTest"/>
        <method signature="ProgramAiringsTest.testisDataEmpty_N(java.lang.String, java.lang.String, java.lang.String, java.lang.String)[pri:0, instance:com.tgxd.gtw.programApi.test.ProgramAiringsTest@652f5047]" name="testisDataEmpty_N" class="com.tgxd.gtw.programApi.test.ProgramAiringsTest"/>
        <method signature="ProgramCastCrewTest.testProgramId(java.lang.String, java.lang.String, java.lang.String, java.lang.String)[pri:0, instance:com.tgxd.gtw.programApi.test.ProgramCastCrewTest@53f9937]" name="testProgramId" class="com.tgxd.gtw.programApi.test.ProgramCastCrewTest"/>
        <method signature="ProgramCastCrewTest.testgetStatus(java.lang.String, java.lang.String, java.lang.String, java.lang.String)[pri:0, instance:com.tgxd.gtw.programApi.test.ProgramCastCrewTest@53f9937]" name="testgetStatus" class="com.tgxd.gtw.programApi.test.ProgramCastCrewTest"/>
        <method signature="ProgramCastCrewTest.testisDataEmpty_N(java.lang.String, java.lang.String, java.lang.String, java.lang.String)[pri:0, instance:com.tgxd.gtw.programApi.test.ProgramCastCrewTest@53f9937]" name="testisDataEmpty_N" class="com.tgxd.gtw.programApi.test.ProgramCastCrewTest"/>
        <method signature="ProgramDetailsTest.testProgramId(java.lang.String, java.lang.String, java.lang.String, java.lang.String)[pri:0, instance:com.tgxd.gtw.programApi.test.ProgramDetailsTest@1263ec92]" name="testProgramId" class="com.tgxd.gtw.programApi.test.ProgramDetailsTest"/>
        <method signature="ProgramDetailsTest.testgetStatus(java.lang.String, java.lang.String, java.lang.String, java.lang.String)[pri:0, instance:com.tgxd.gtw.programApi.test.ProgramDetailsTest@1263ec92]" name="testgetStatus" class="com.tgxd.gtw.programApi.test.ProgramDetailsTest"/>
        <method signature="ProgramDetailsTest.testisDataEmpty_N(java.lang.String, java.lang.String, java.lang.String, java.lang.String)[pri:0, instance:com.tgxd.gtw.programApi.test.ProgramDetailsTest@1263ec92]" name="testisDataEmpty_N" class="com.tgxd.gtw.programApi.test.ProgramDetailsTest"/>
        <method signature="ProgramGetFavouriteProgramTilesTest.testgetStatus(java.lang.String, java.lang.String)[pri:0, instance:com.tgxd.gtw.programApi.test.ProgramGetFavouriteProgramTilesTest@3e72d5c0]" name="testgetStatus" class="com.tgxd.gtw.programApi.test.ProgramGetFavouriteProgramTilesTest"/>
        <method signature="ProgramGetFavouriteProgramTilesTest.testisDataEmpty_N(java.lang.String, java.lang.String)[pri:0, instance:com.tgxd.gtw.programApi.test.ProgramGetFavouriteProgramTilesTest@3e72d5c0]" name="testisDataEmpty_N" class="com.tgxd.gtw.programApi.test.ProgramGetFavouriteProgramTilesTest"/>
        <method signature="ProgramGetFilteredProgramTest.testgetStatus(java.lang.String, java.lang.String, java.lang.String, java.lang.String)[pri:0, instance:com.tgxd.gtw.programApi.test.ProgramGetFilteredProgramTest@23e8f4e1]" name="testgetStatus" class="com.tgxd.gtw.programApi.test.ProgramGetFilteredProgramTest"/>
        <method signature="ProgramGetFilteredProgramTest.testisDataEmpty_N(java.lang.String, java.lang.String, java.lang.String, java.lang.String)[pri:0, instance:com.tgxd.gtw.programApi.test.ProgramGetFilteredProgramTest@23e8f4e1]" name="testisDataEmpty_N" class="com.tgxd.gtw.programApi.test.ProgramGetFilteredProgramTest"/>
        <method signature="ProgramGetGenreListTest.testgetStatus(java.lang.String, java.lang.String)[pri:0, instance:com.tgxd.gtw.programApi.test.ProgramGetGenreListTest@512f0124]" name="testgetStatus" class="com.tgxd.gtw.programApi.test.ProgramGetGenreListTest"/>
        <method signature="ProgramGetGenreListTest.testisDataEmpty_N(java.lang.String, java.lang.String)[pri:0, instance:com.tgxd.gtw.programApi.test.ProgramGetGenreListTest@512f0124]" name="testisDataEmpty_N" class="com.tgxd.gtw.programApi.test.ProgramGetGenreListTest"/>
        <method signature="ProgramRecommendTest.testgetStatus(java.lang.String, java.lang.String)[pri:0, instance:com.tgxd.gtw.programApi.test.ProgramRecommendTest@5e406eac]" name="testgetStatus" class="com.tgxd.gtw.programApi.test.ProgramRecommendTest"/>
        <method signature="ProgramRecommendTest.testisDataEmpty_N(java.lang.String, java.lang.String)[pri:0, instance:com.tgxd.gtw.programApi.test.ProgramRecommendTest@5e406eac]" name="testisDataEmpty_N" class="com.tgxd.gtw.programApi.test.ProgramRecommendTest"/>
        <method signature="ProgramSimilarTest.testServiceId(java.lang.String, java.lang.String, java.lang.String, java.lang.String)[pri:0, instance:com.tgxd.gtw.programApi.test.ProgramSimilarTest@58220e8b]" name="testServiceId" class="com.tgxd.gtw.programApi.test.ProgramSimilarTest"/>
        <method signature="ProgramSimilarTest.testgetStatus(java.lang.String, java.lang.String, java.lang.String, java.lang.String)[pri:0, instance:com.tgxd.gtw.programApi.test.ProgramSimilarTest@58220e8b]" name="testgetStatus" class="com.tgxd.gtw.programApi.test.ProgramSimilarTest"/>
        <method signature="ProgramSimilarTest.testisDataEmpty_N(java.lang.String, java.lang.String, java.lang.String, java.lang.String)[pri:0, instance:com.tgxd.gtw.programApi.test.ProgramSimilarTest@58220e8b]" name="testisDataEmpty_N" class="com.tgxd.gtw.programApi.test.ProgramSimilarTest"/>
        <method signature="ListingFavouriteChannelThumbnailTest.testgetStatus(java.lang.String)[pri:0, instance:com.tgxd.gtw.ListingsApi.test.ListingFavouriteChannelThumbnailTest@6ba52c90]" name="testgetStatus" class="com.tgxd.gtw.ListingsApi.test.ListingFavouriteChannelThumbnailTest"/>
        <method signature="ListingFavouriteChannelThumbnailTest.testisDataEmpty_N(java.lang.String)[pri:0, instance:com.tgxd.gtw.ListingsApi.test.ListingFavouriteChannelThumbnailTest@6ba52c90]" name="testisDataEmpty_N" class="com.tgxd.gtw.ListingsApi.test.ListingFavouriteChannelThumbnailTest"/>
        <method signature="ListingServiceDetailsTest.testgetStatus(java.lang.String, java.lang.String)[pri:0, instance:com.tgxd.gtw.ListingsApi.test.ListingServiceDetailsTest@f7000ed]" name="testgetStatus" class="com.tgxd.gtw.ListingsApi.test.ListingServiceDetailsTest"/>
        <method signature="ListingServiceDetailsTest.testisDataEmpty_N(java.lang.String, java.lang.String)[pri:0, instance:com.tgxd.gtw.ListingsApi.test.ListingServiceDetailsTest@f7000ed]" name="testisDataEmpty_N" class="com.tgxd.gtw.ListingsApi.test.ListingServiceDetailsTest"/>
        <method signature="ListingsGetChannelLineUpsTest.testgetStatus(java.lang.String, java.lang.String, java.lang.String, java.lang.String)[pri:0, instance:com.tgxd.gtw.ListingsApi.test.ListingsGetChannelLineUpsTest@6ee3572b]" name="testgetStatus" class="com.tgxd.gtw.ListingsApi.test.ListingsGetChannelLineUpsTest"/>
        <method signature="ListingsGetChannelLineUpsTest.testisDataEmpty_N(java.lang.String, java.lang.String, java.lang.String, java.lang.String)[pri:0, instance:com.tgxd.gtw.ListingsApi.test.ListingsGetChannelLineUpsTest@6ee3572b]" name="testisDataEmpty_N" class="com.tgxd.gtw.ListingsApi.test.ListingsGetChannelLineUpsTest"/>
        <method signature="ListingsGetChannelLogoTest.testgetStatus(java.lang.String, java.lang.String, java.lang.String, java.lang.String, java.lang.String)[pri:0, instance:com.tgxd.gtw.ListingsApi.test.ListingsGetChannelLogoTest@24ccf86]" name="testgetStatus" class="com.tgxd.gtw.ListingsApi.test.ListingsGetChannelLogoTest"/>
        <method signature="ListingsGetChannelLogoTest.testisDataEmpty_N(java.lang.String, java.lang.String, java.lang.String, java.lang.String, java.lang.String)[pri:0, instance:com.tgxd.gtw.ListingsApi.test.ListingsGetChannelLogoTest@24ccf86]" name="testisDataEmpty_N" class="com.tgxd.gtw.ListingsApi.test.ListingsGetChannelLogoTest"/>
        <method signature="ListingsGetServerUtcInfoTest.testgetStatus(java.lang.String)[pri:0, instance:com.tgxd.gtw.ListingsApi.test.ListingsGetServerUtcInfoTest@cc6798]" name="testgetStatus" class="com.tgxd.gtw.ListingsApi.test.ListingsGetServerUtcInfoTest"/>
        <method signature="ListingsGetServerUtcInfoTest.testisDataEmpty_N(java.lang.String)[pri:0, instance:com.tgxd.gtw.ListingsApi.test.ListingsGetServerUtcInfoTest@cc6798]" name="testisDataEmpty_N" class="com.tgxd.gtw.ListingsApi.test.ListingsGetServerUtcInfoTest"/>
        <method signature="SearchAutoSuggestTest.testQueryValueNotPresentInResults_N(java.lang.String, java.lang.String)[pri:0, instance:com.tgxd.gtw.SearchApi.test.SearchAutoSuggestTest@6016a917]" name="testQueryValueNotPresentInResults_N" class="com.tgxd.gtw.SearchApi.test.SearchAutoSuggestTest"/>
        <method signature="SearchAutoSuggestTest.testgetStatus(java.lang.String, java.lang.String)[pri:0, instance:com.tgxd.gtw.SearchApi.test.SearchAutoSuggestTest@6016a917]" name="testgetStatus" class="com.tgxd.gtw.SearchApi.test.SearchAutoSuggestTest"/>
        <method signature="SearchAutoSuggestTest.testisDataEmpty_N(java.lang.String, java.lang.String)[pri:0, instance:com.tgxd.gtw.SearchApi.test.SearchAutoSuggestTest@6016a917]" name="testisDataEmpty_N" class="com.tgxd.gtw.SearchApi.test.SearchAutoSuggestTest"/>
        <method signature="SearchProgramInfoTest.testgetStatus(java.lang.String, java.lang.String, java.lang.String)[pri:0, instance:com.tgxd.gtw.SearchApi.test.SearchProgramInfoTest@6fb75649]" name="testgetStatus" class="com.tgxd.gtw.SearchApi.test.SearchProgramInfoTest"/>
        <method signature="SearchProgramInfoTest.testisDataEmpty_N(java.lang.String, java.lang.String, java.lang.String)[pri:0, instance:com.tgxd.gtw.SearchApi.test.SearchProgramInfoTest@6fb75649]" name="testisDataEmpty_N" class="com.tgxd.gtw.SearchApi.test.SearchProgramInfoTest"/>
        <method signature="SearchResultsTest.testgetStatus(java.lang.String, java.lang.String, java.lang.String)[pri:0, instance:com.tgxd.gtw.SearchApi.test.SearchResultsTest@65693ccc]" name="testgetStatus" class="com.tgxd.gtw.SearchApi.test.SearchResultsTest"/>
        <method signature="SearchResultsTest.testisDataEmpty_N(java.lang.String, java.lang.String, java.lang.String)[pri:0, instance:com.tgxd.gtw.SearchApi.test.SearchResultsTest@65693ccc]" name="testisDataEmpty_N" class="com.tgxd.gtw.SearchApi.test.SearchResultsTest"/>
        <method signature="AdminGetAllMSOProfileTest.testgetStatus(java.lang.String, java.lang.String)[pri:0, instance:com.tgxd.gtw.AdminApi.test.AdminGetAllMSOProfileTest@4adc362d]" name="testgetStatus" class="com.tgxd.gtw.AdminApi.test.AdminGetAllMSOProfileTest"/>
        <method signature="AdminGetAllMSOProfileTest.testisDataEmpty_N(java.lang.String, java.lang.String)[pri:0, instance:com.tgxd.gtw.AdminApi.test.AdminGetAllMSOProfileTest@4adc362d]" name="testisDataEmpty_N" class="com.tgxd.gtw.AdminApi.test.AdminGetAllMSOProfileTest"/>
        <method signature="AdminGetMSOAppConfigTest.testgetStatus(java.lang.String, java.lang.String, java.lang.String)[pri:0, instance:com.tgxd.gtw.AdminApi.test.AdminGetMSOAppConfigTest@3f68eac0]" name="testgetStatus" class="com.tgxd.gtw.AdminApi.test.AdminGetMSOAppConfigTest"/>
        <method signature="AdminGetMSOAppConfigTest.testisDataEmpty_N(java.lang.String, java.lang.String, java.lang.String)[pri:0, instance:com.tgxd.gtw.AdminApi.test.AdminGetMSOAppConfigTest@3f68eac0]" name="testisDataEmpty_N" class="com.tgxd.gtw.AdminApi.test.AdminGetMSOAppConfigTest"/>
        <method signature="GetScheduleTest.testNotNullFieldsforChannel_N(java.lang.String, java.lang.String, java.lang.String, java.lang.String)[pri:0, instance:com.tgxd.gtw.serviceApi.test.GetScheduleTest@439ed348]" name="testNotNullFieldsforChannel_N" class="com.tgxd.gtw.serviceApi.test.GetScheduleTest"/>
        <method signature="GetScheduleTest.testgetStatus(java.lang.String, java.lang.String, java.lang.String, java.lang.String)[pri:0, instance:com.tgxd.gtw.serviceApi.test.GetScheduleTest@439ed348]" name="testgetStatus" class="com.tgxd.gtw.serviceApi.test.GetScheduleTest"/>
        <method signature="GetScheduleTest.testisDataEmpty_N(java.lang.String, java.lang.String, java.lang.String, java.lang.String)[pri:0, instance:com.tgxd.gtw.serviceApi.test.GetScheduleTest@439ed348]" name="testisDataEmpty_N" class="com.tgxd.gtw.serviceApi.test.GetScheduleTest"/>
        <method signature="GetSourceScheduleTest.testNotNullFieldsforChannel_N(java.lang.String, java.lang.String, java.lang.String, java.lang.String)[pri:0, instance:com.tgxd.gtw.serviceApi.test.GetSourceScheduleTest@690cbe41]" name="testNotNullFieldsforChannel_N" class="com.tgxd.gtw.serviceApi.test.GetSourceScheduleTest"/>
        <method signature="GetSourceScheduleTest.testgetStatus(java.lang.String, java.lang.String, java.lang.String, java.lang.String)[pri:0, instance:com.tgxd.gtw.serviceApi.test.GetSourceScheduleTest@690cbe41]" name="testgetStatus" class="com.tgxd.gtw.serviceApi.test.GetSourceScheduleTest"/>
        <method signature="GetSourceScheduleTest.testisDataEmpty_N(java.lang.String, java.lang.String, java.lang.String, java.lang.String)[pri:0, instance:com.tgxd.gtw.serviceApi.test.GetSourceScheduleTest@690cbe41]" name="testisDataEmpty_N" class="com.tgxd.gtw.serviceApi.test.GetSourceScheduleTest"/>
        <method signature="AccountAuthenticateTest.testgetStatus(java.lang.String)[pri:0, instance:com.tgxd.gtw.accountApi.test.AccountAuthenticateTest@147e668d]" name="testgetStatus" class="com.tgxd.gtw.accountApi.test.AccountAuthenticateTest"/>
        <method signature="AccountCreateTest.testNotNullFieldsforChannel_N(java.lang.String)[pri:0, instance:com.tgxd.gtw.accountApi.test.AccountCreateTest@5ae1a690]" name="testNotNullFieldsforChannel_N" class="com.tgxd.gtw.accountApi.test.AccountCreateTest"/>
      </group>
    </groups>
    <test name="ProgramTests" duration-ms="19162" started-at="2014-08-06T14:45:44Z" finished-at="2014-08-06T14:46:03Z">
      <class name="com.tgxd.gtw.programApi.test.ProgramAiringsTest">
        <test-method status="PASS" signature="testServiceId(java.lang.String, java.lang.String, java.lang.String, java.lang.String)[pri:0, instance:com.tgxd.gtw.programApi.test.ProgramAiringsTest@652f5047]" name="testServiceId" duration-ms="1059" started-at="2014-08-06T14:45:44Z" finished-at="2014-08-06T14:45:45Z">
          <params>
            <param index="0">
              <value>
                <![CDATA[en-US]]>
              </value>
            </param>
            <param index="1">
              <value>
                <![CDATA[19667621]]>
              </value>
            </param>
            <param index="2">
              <value>
                <![CDATA[2]]>
              </value>
            </param>
            <param index="3">
              <value>
                <![CDATA[75008]]>
              </value>
            </param>
          </params>
        </test-method>
        <test-method status="PASS" signature="testServiceId(java.lang.String, java.lang.String, java.lang.String, java.lang.String)[pri:0, instance:com.tgxd.gtw.programApi.test.ProgramAiringsTest@652f5047]" name="testServiceId" duration-ms="614" started-at="2014-08-06T14:45:45Z" finished-at="2014-08-06T14:45:46Z">
          <params>
            <param index="0">
              <value>
                <![CDATA[es-CO]]>
              </value>
            </param>
            <param index="1">
              <value>
                <![CDATA[19667621]]>
              </value>
            </param>
            <param index="2">
              <value>
                <![CDATA[2]]>
              </value>
            </param>
            <param index="3">
              <value>
                <![CDATA[75008]]>
              </value>
            </param>
          </params>
        </test-method>
        <test-method status="PASS" signature="testgetStatus(java.lang.String, java.lang.String, java.lang.String, java.lang.String)[pri:0, instance:com.tgxd.gtw.programApi.test.ProgramAiringsTest@652f5047]" name="testgetStatus" duration-ms="602" started-at="2014-08-06T14:45:46Z" finished-at="2014-08-06T14:45:46Z">
          <params>
            <param index="0">
              <value>
                <![CDATA[en-US]]>
              </value>
            </param>
            <param index="1">
              <value>
                <![CDATA[19667621]]>
              </value>
            </param>
            <param index="2">
              <value>
                <![CDATA[2]]>
              </value>
            </param>
            <param index="3">
              <value>
                <![CDATA[75008]]>
              </value>
            </param>
          </params>
        </test-method>
        <test-method status="PASS" signature="testgetStatus(java.lang.String, java.lang.String, java.lang.String, java.lang.String)[pri:0, instance:com.tgxd.gtw.programApi.test.ProgramAiringsTest@652f5047]" name="testgetStatus" duration-ms="559" started-at="2014-08-06T14:45:46Z" finished-at="2014-08-06T14:45:47Z">
          <params>
            <param index="0">
              <value>
                <![CDATA[es-CO]]>
              </value>
            </param>
            <param index="1">
              <value>
                <![CDATA[19667621]]>
              </value>
            </param>
            <param index="2">
              <value>
                <![CDATA[2]]>
              </value>
            </param>
            <param index="3">
              <value>
                <![CDATA[75008]]>
              </value>
            </param>
          </params>
        </test-method>
        <test-method status="PASS" signature="testisDataEmpty_N(java.lang.String, java.lang.String, java.lang.String, java.lang.String)[pri:0, instance:com.tgxd.gtw.programApi.test.ProgramAiringsTest@652f5047]" name="testisDataEmpty_N" duration-ms="625" started-at="2014-08-06T14:45:47Z" finished-at="2014-08-06T14:45:47Z">
          <params>
            <param index="0">
              <value>
                <![CDATA[en-US]]>
              </value>
            </param>
            <param index="1">
              <value>
                <![CDATA[19667621]]>
              </value>
            </param>
            <param index="2">
              <value>
                <![CDATA[2]]>
              </value>
            </param>
            <param index="3">
              <value>
                <![CDATA[75008]]>
              </value>
            </param>
          </params>
        </test-method>
        <test-method status="PASS" signature="testisDataEmpty_N(java.lang.String, java.lang.String, java.lang.String, java.lang.String)[pri:0, instance:com.tgxd.gtw.programApi.test.ProgramAiringsTest@652f5047]" name="testisDataEmpty_N" duration-ms="567" started-at="2014-08-06T14:45:47Z" finished-at="2014-08-06T14:45:48Z">
          <params>
            <param index="0">
              <value>
                <![CDATA[es-CO]]>
              </value>
            </param>
            <param index="1">
              <value>
                <![CDATA[19667621]]>
              </value>
            </param>
            <param index="2">
              <value>
                <![CDATA[2]]>
              </value>
            </param>
            <param index="3">
              <value>
                <![CDATA[75008]]>
              </value>
            </param>
          </params>
        </test-method>
      </class>
      <class name="com.tgxd.gtw.programApi.test.ProgramDetailsTest">
        <test-method status="PASS" signature="testProgramId(java.lang.String, java.lang.String, java.lang.String, java.lang.String)[pri:0, instance:com.tgxd.gtw.programApi.test.ProgramDetailsTest@1263ec92]" name="testProgramId" duration-ms="393" started-at="2014-08-06T14:45:50Z" finished-at="2014-08-06T14:45:51Z">
          <params>
            <param index="0">
              <value>
                <![CDATA[en-US]]>
              </value>
            </param>
            <param index="1">
              <value>
                <![CDATA[21392913]]>
              </value>
            </param>
            <param index="2">
              <value>
                <![CDATA[2]]>
              </value>
            </param>
            <param index="3">
              <value>
                <![CDATA[73625]]>
              </value>
            </param>
          </params>
        </test-method>
        <test-method status="PASS" signature="testProgramId(java.lang.String, java.lang.String, java.lang.String, java.lang.String)[pri:0, instance:com.tgxd.gtw.programApi.test.ProgramDetailsTest@1263ec92]" name="testProgramId" duration-ms="366" started-at="2014-08-06T14:45:51Z" finished-at="2014-08-06T14:45:51Z">
          <params>
            <param index="0">
              <value>
                <![CDATA[en-US]]>
              </value>
            </param>
            <param index="1">
              <value>
                <![CDATA[4672]]>
              </value>
            </param>
            <param index="2">
              <value>
                <![CDATA[2]]>
              </value>
            </param>
            <param index="3">
              <value>
                <![CDATA[896839]]>
              </value>
            </param>
          </params>
        </test-method>
        <test-method status="PASS" signature="testProgramId(java.lang.String, java.lang.String, java.lang.String, java.lang.String)[pri:0, instance:com.tgxd.gtw.programApi.test.ProgramDetailsTest@1263ec92]" name="testProgramId" duration-ms="523" started-at="2014-08-06T14:45:51Z" finished-at="2014-08-06T14:45:52Z">
          <params>
            <param index="0">
              <value>
                <![CDATA[en-US]]>
              </value>
            </param>
            <param index="1">
              <value>
                <![CDATA[19667621]]>
              </value>
            </param>
            <param index="2">
              <value>
                <![CDATA[2]]>
              </value>
            </param>
            <param index="3">
              <value>
                <![CDATA[75008]]>
              </value>
            </param>
          </params>
        </test-method>
        <test-method status="PASS" signature="testgetStatus(java.lang.String, java.lang.String, java.lang.String, java.lang.String)[pri:0, instance:com.tgxd.gtw.programApi.test.ProgramDetailsTest@1263ec92]" name="testgetStatus" duration-ms="396" started-at="2014-08-06T14:45:52Z" finished-at="2014-08-06T14:45:52Z">
          <params>
            <param index="0">
              <value>
                <![CDATA[en-US]]>
              </value>
            </param>
            <param index="1">
              <value>
                <![CDATA[21392913]]>
              </value>
            </param>
            <param index="2">
              <value>
                <![CDATA[2]]>
              </value>
            </param>
            <param index="3">
              <value>
                <![CDATA[73625]]>
              </value>
            </param>
          </params>
        </test-method>
        <test-method status="PASS" signature="testgetStatus(java.lang.String, java.lang.String, java.lang.String, java.lang.String)[pri:0, instance:com.tgxd.gtw.programApi.test.ProgramDetailsTest@1263ec92]" name="testgetStatus" duration-ms="418" started-at="2014-08-06T14:45:52Z" finished-at="2014-08-06T14:45:52Z">
          <params>
            <param index="0">
              <value>
                <![CDATA[en-US]]>
              </value>
            </param>
            <param index="1">
              <value>
                <![CDATA[4672]]>
              </value>
            </param>
            <param index="2">
              <value>
                <![CDATA[2]]>
              </value>
            </param>
            <param index="3">
              <value>
                <![CDATA[896839]]>
              </value>
            </param>
          </params>
        </test-method>
        <test-method status="PASS" signature="testgetStatus(java.lang.String, java.lang.String, java.lang.String, java.lang.String)[pri:0, instance:com.tgxd.gtw.programApi.test.ProgramDetailsTest@1263ec92]" name="testgetStatus" duration-ms="530" started-at="2014-08-06T14:45:52Z" finished-at="2014-08-06T14:45:53Z">
          <params>
            <param index="0">
              <value>
                <![CDATA[en-US]]>
              </value>
            </param>
            <param index="1">
              <value>
                <![CDATA[19667621]]>
              </value>
            </param>
            <param index="2">
              <value>
                <![CDATA[2]]>
              </value>
            </param>
            <param index="3">
              <value>
                <![CDATA[75008]]>
              </value>
            </param>
          </params>
        </test-method>
        <test-method status="PASS" signature="testisDataEmpty_N(java.lang.String, java.lang.String, java.lang.String, java.lang.String)[pri:0, instance:com.tgxd.gtw.programApi.test.ProgramDetailsTest@1263ec92]" name="testisDataEmpty_N" duration-ms="340" started-at="2014-08-06T14:45:53Z" finished-at="2014-08-06T14:45:53Z">
          <params>
            <param index="0">
              <value>
                <![CDATA[en-US]]>
              </value>
            </param>
            <param index="1">
              <value>
                <![CDATA[21392913]]>
              </value>
            </param>
            <param index="2">
              <value>
                <![CDATA[2]]>
              </value>
            </param>
            <param index="3">
              <value>
                <![CDATA[73625]]>
              </value>
            </param>
          </params>
        </test-method>
        <test-method status="PASS" signature="testisDataEmpty_N(java.lang.String, java.lang.String, java.lang.String, java.lang.String)[pri:0, instance:com.tgxd.gtw.programApi.test.ProgramDetailsTest@1263ec92]" name="testisDataEmpty_N" duration-ms="355" started-at="2014-08-06T14:45:53Z" finished-at="2014-08-06T14:45:54Z">
          <params>
            <param index="0">
              <value>
                <![CDATA[en-US]]>
              </value>
            </param>
            <param index="1">
              <value>
                <![CDATA[4672]]>
              </value>
            </param>
            <param index="2">
              <value>
                <![CDATA[2]]>
              </value>
            </param>
            <param index="3">
              <value>
                <![CDATA[896839]]>
              </value>
            </param>
          </params>
        </test-method>
        <test-method status="PASS" signature="testisDataEmpty_N(java.lang.String, java.lang.String, java.lang.String, java.lang.String)[pri:0, instance:com.tgxd.gtw.programApi.test.ProgramDetailsTest@1263ec92]" name="testisDataEmpty_N" duration-ms="544" started-at="2014-08-06T14:45:54Z" finished-at="2014-08-06T14:45:54Z">
          <params>
            <param index="0">
              <value>
                <![CDATA[en-US]]>
              </value>
            </param>
            <param index="1">
              <value>
                <![CDATA[19667621]]>
              </value>
            </param>
            <param index="2">
              <value>
                <![CDATA[2]]>
              </value>
            </param>
            <param index="3">
              <value>
                <![CDATA[75008]]>
              </value>
            </param>
          </params>
        </test-method>
      </class>
      <class name="com.tgxd.gtw.programApi.test.ProgramCastCrewTest">
        <test-method status="PASS" signature="testProgramId(java.lang.String, java.lang.String, java.lang.String, java.lang.String)[pri:0, instance:com.tgxd.gtw.programApi.test.ProgramCastCrewTest@53f9937]" name="testProgramId" duration-ms="316" started-at="2014-08-06T14:45:48Z" finished-at="2014-08-06T14:45:48Z">
          <params>
            <param index="0">
              <value>
                <![CDATA[en-US]]>
              </value>
            </param>
            <param index="1">
              <value>
                <![CDATA[4672]]>
              </value>
            </param>
            <param index="2">
              <value>
                <![CDATA[2]]>
              </value>
            </param>
            <param index="3">
              <value>
                <![CDATA[896839]]>
              </value>
            </param>
          </params>
        </test-method>
        <test-method status="PASS" signature="testProgramId(java.lang.String, java.lang.String, java.lang.String, java.lang.String)[pri:0, instance:com.tgxd.gtw.programApi.test.ProgramCastCrewTest@53f9937]" name="testProgramId" duration-ms="533" started-at="2014-08-06T14:45:48Z" finished-at="2014-08-06T14:45:49Z">
          <params>
            <param index="0">
              <value>
                <![CDATA[en-US]]>
              </value>
            </param>
            <param index="1">
              <value>
                <![CDATA[19667621]]>
              </value>
            </param>
            <param index="2">
              <value>
                <![CDATA[2]]>
              </value>
            </param>
            <param index="3">
              <value>
                <![CDATA[896839]]>
              </value>
            </param>
          </params>
        </test-method>
        <test-method status="PASS" signature="testgetStatus(java.lang.String, java.lang.String, java.lang.String, java.lang.String)[pri:0, instance:com.tgxd.gtw.programApi.test.ProgramCastCrewTest@53f9937]" name="testgetStatus" duration-ms="315" started-at="2014-08-06T14:45:49Z" finished-at="2014-08-06T14:45:49Z">
          <params>
            <param index="0">
              <value>
                <![CDATA[en-US]]>
              </value>
            </param>
            <param index="1">
              <value>
                <![CDATA[4672]]>
              </value>
            </param>
            <param index="2">
              <value>
                <![CDATA[2]]>
              </value>
            </param>
            <param index="3">
              <value>
                <![CDATA[896839]]>
              </value>
            </param>
          </params>
        </test-method>
        <test-method status="PASS" signature="testgetStatus(java.lang.String, java.lang.String, java.lang.String, java.lang.String)[pri:0, instance:com.tgxd.gtw.programApi.test.ProgramCastCrewTest@53f9937]" name="testgetStatus" duration-ms="450" started-at="2014-08-06T14:45:49Z" finished-at="2014-08-06T14:45:50Z">
          <params>
            <param index="0">
              <value>
                <![CDATA[en-US]]>
              </value>
            </param>
            <param index="1">
              <value>
                <![CDATA[19667621]]>
              </value>
            </param>
            <param index="2">
              <value>
                <![CDATA[2]]>
              </value>
            </param>
            <param index="3">
              <value>
                <![CDATA[896839]]>
              </value>
            </param>
          </params>
        </test-method>
        <test-method status="PASS" signature="testisDataEmpty_N(java.lang.String, java.lang.String, java.lang.String, java.lang.String)[pri:0, instance:com.tgxd.gtw.programApi.test.ProgramCastCrewTest@53f9937]" name="testisDataEmpty_N" duration-ms="325" started-at="2014-08-06T14:45:50Z" finished-at="2014-08-06T14:45:50Z">
          <params>
            <param index="0">
              <value>
                <![CDATA[en-US]]>
              </value>
            </param>
            <param index="1">
              <value>
                <![CDATA[4672]]>
              </value>
            </param>
            <param index="2">
              <value>
                <![CDATA[2]]>
              </value>
            </param>
            <param index="3">
              <value>
                <![CDATA[896839]]>
              </value>
            </param>
          </params>
        </test-method>
        <test-method status="PASS" signature="testisDataEmpty_N(java.lang.String, java.lang.String, java.lang.String, java.lang.String)[pri:0, instance:com.tgxd.gtw.programApi.test.ProgramCastCrewTest@53f9937]" name="testisDataEmpty_N" duration-ms="434" started-at="2014-08-06T14:45:50Z" finished-at="2014-08-06T14:45:50Z">
          <params>
            <param index="0">
              <value>
                <![CDATA[en-US]]>
              </value>
            </param>
            <param index="1">
              <value>
                <![CDATA[19667621]]>
              </value>
            </param>
            <param index="2">
              <value>
                <![CDATA[2]]>
              </value>
            </param>
            <param index="3">
              <value>
                <![CDATA[896839]]>
              </value>
            </param>
          </params>
        </test-method>
      </class>
      <class name="com.tgxd.gtw.programApi.test.ProgramGetFilteredProgramTest">
        <test-method status="PASS" signature="testgetStatus(java.lang.String, java.lang.String, java.lang.String, java.lang.String)[pri:0, instance:com.tgxd.gtw.programApi.test.ProgramGetFilteredProgramTest@23e8f4e1]" name="testgetStatus" duration-ms="381" started-at="2014-08-06T14:45:54Z" finished-at="2014-08-06T14:45:55Z">
          <params>
            <param index="0">
              <value>
                <![CDATA[en-US]]>
              </value>
            </param>
            <param index="1">
              <value>
                <![CDATA[Movie]]>
              </value>
            </param>
            <param index="2">
              <value>
                <![CDATA[2]]>
              </value>
            </param>
            <param index="3">
              <value>
                <![CDATA[75008]]>
              </value>
            </param>
          </params>
        </test-method>
        <test-method status="PASS" signature="testgetStatus(java.lang.String, java.lang.String, java.lang.String, java.lang.String)[pri:0, instance:com.tgxd.gtw.programApi.test.ProgramGetFilteredProgramTest@23e8f4e1]" name="testgetStatus" duration-ms="384" started-at="2014-08-06T14:45:55Z" finished-at="2014-08-06T14:45:55Z">
          <params>
            <param index="0">
              <value>
                <![CDATA[en-US]]>
              </value>
            </param>
            <param index="1">
              <value>
                <![CDATA[Tv]]>
              </value>
            </param>
            <param index="2">
              <value>
                <![CDATA[2]]>
              </value>
            </param>
            <param index="3">
              <value>
                <![CDATA[75008]]>
              </value>
            </param>
          </params>
        </test-method>
        <test-method status="PASS" signature="testgetStatus(java.lang.String, java.lang.String, java.lang.String, java.lang.String)[pri:0, instance:com.tgxd.gtw.programApi.test.ProgramGetFilteredProgramTest@23e8f4e1]" name="testgetStatus" duration-ms="374" started-at="2014-08-06T14:45:55Z" finished-at="2014-08-06T14:45:55Z">
          <params>
            <param index="0">
              <value>
                <![CDATA[en-US]]>
              </value>
            </param>
            <param index="1">
              <value>
                <![CDATA[TvSeries]]>
              </value>
            </param>
            <param index="2">
              <value>
                <![CDATA[2]]>
              </value>
            </param>
            <param index="3">
              <value>
                <![CDATA[75008]]>
              </value>
            </param>
          </params>
        </test-method>
        <test-method status="PASS" signature="testisDataEmpty_N(java.lang.String, java.lang.String, java.lang.String, java.lang.String)[pri:0, instance:com.tgxd.gtw.programApi.test.ProgramGetFilteredProgramTest@23e8f4e1]" name="testisDataEmpty_N" duration-ms="368" started-at="2014-08-06T14:45:55Z" finished-at="2014-08-06T14:45:56Z">
          <params>
            <param index="0">
              <value>
                <![CDATA[en-US]]>
              </value>
            </param>
            <param index="1">
              <value>
                <![CDATA[Movie]]>
              </value>
            </param>
            <param index="2">
              <value>
                <![CDATA[2]]>
              </value>
            </param>
            <param index="3">
              <value>
                <![CDATA[75008]]>
              </value>
            </param>
          </params>
        </test-method>
        <test-method status="PASS" signature="testisDataEmpty_N(java.lang.String, java.lang.String, java.lang.String, java.lang.String)[pri:0, instance:com.tgxd.gtw.programApi.test.ProgramGetFilteredProgramTest@23e8f4e1]" name="testisDataEmpty_N" duration-ms="363" started-at="2014-08-06T14:45:56Z" finished-at="2014-08-06T14:45:56Z">
          <params>
            <param index="0">
              <value>
                <![CDATA[en-US]]>
              </value>
            </param>
            <param index="1">
              <value>
                <![CDATA[Tv]]>
              </value>
            </param>
            <param index="2">
              <value>
                <![CDATA[2]]>
              </value>
            </param>
            <param index="3">
              <value>
                <![CDATA[75008]]>
              </value>
            </param>
          </params>
        </test-method>
        <test-method status="PASS" signature="testisDataEmpty_N(java.lang.String, java.lang.String, java.lang.String, java.lang.String)[pri:0, instance:com.tgxd.gtw.programApi.test.ProgramGetFilteredProgramTest@23e8f4e1]" name="testisDataEmpty_N" duration-ms="292" started-at="2014-08-06T14:45:56Z" finished-at="2014-08-06T14:45:56Z">
          <params>
            <param index="0">
              <value>
                <![CDATA[en-US]]>
              </value>
            </param>
            <param index="1">
              <value>
                <![CDATA[TvSeries]]>
              </value>
            </param>
            <param index="2">
              <value>
                <![CDATA[2]]>
              </value>
            </param>
            <param index="3">
              <value>
                <![CDATA[75008]]>
              </value>
            </param>
          </params>
        </test-method>
      </class>
      <class name="com.tgxd.gtw.programApi.test.ProgramGetGenreListTest">
        <test-method status="PASS" signature="testgetStatus(java.lang.String, java.lang.String)[pri:0, instance:com.tgxd.gtw.programApi.test.ProgramGetGenreListTest@512f0124]" name="testgetStatus" duration-ms="295" started-at="2014-08-06T14:46:01Z" finished-at="2014-08-06T14:46:01Z">
          <params>
            <param index="0">
              <value>
                <![CDATA[en-US]]>
              </value>
            </param>
            <param index="1">
              <value>
                <![CDATA[Movie]]>
              </value>
            </param>
          </params>
        </test-method>
        <test-method status="PASS" signature="testgetStatus(java.lang.String, java.lang.String)[pri:0, instance:com.tgxd.gtw.programApi.test.ProgramGetGenreListTest@512f0124]" name="testgetStatus" duration-ms="291" started-at="2014-08-06T14:46:01Z" finished-at="2014-08-06T14:46:01Z">
          <params>
            <param index="0">
              <value>
                <![CDATA[es-CO]]>
              </value>
            </param>
            <param index="1">
              <value>
                <![CDATA[TV]]>
              </value>
            </param>
          </params>
        </test-method>
        <test-method status="PASS" signature="testisDataEmpty_N(java.lang.String, java.lang.String)[pri:0, instance:com.tgxd.gtw.programApi.test.ProgramGetGenreListTest@512f0124]" name="testisDataEmpty_N" duration-ms="309" started-at="2014-08-06T14:46:01Z" finished-at="2014-08-06T14:46:02Z">
          <params>
            <param index="0">
              <value>
                <![CDATA[en-US]]>
              </value>
            </param>
            <param index="1">
              <value>
                <![CDATA[Movie]]>
              </value>
            </param>
          </params>
        </test-method>
        <test-method status="PASS" signature="testisDataEmpty_N(java.lang.String, java.lang.String)[pri:0, instance:com.tgxd.gtw.programApi.test.ProgramGetGenreListTest@512f0124]" name="testisDataEmpty_N" duration-ms="307" started-at="2014-08-06T14:46:02Z" finished-at="2014-08-06T14:46:02Z">
          <params>
            <param index="0">
              <value>
                <![CDATA[es-CO]]>
              </value>
            </param>
            <param index="1">
              <value>
                <![CDATA[TV]]>
              </value>
            </param>
          </params>
        </test-method>
      </class>
      <class name="com.tgxd.gtw.programApi.test.ProgramRecommendTest">
        <test-method status="PASS" signature="testgetStatus(java.lang.String, java.lang.String)[pri:0, instance:com.tgxd.gtw.programApi.test.ProgramRecommendTest@5e406eac]" name="testgetStatus" duration-ms="282" started-at="2014-08-06T14:46:02Z" finished-at="2014-08-06T14:46:02Z">
          <params>
            <param index="0">
              <value>
                <![CDATA[en-US]]>
              </value>
            </param>
            <param index="1">
              <value>
                <![CDATA[73625]]>
              </value>
            </param>
          </params>
        </test-method>
        <test-method status="PASS" signature="testgetStatus(java.lang.String, java.lang.String)[pri:0, instance:com.tgxd.gtw.programApi.test.ProgramRecommendTest@5e406eac]" name="testgetStatus" duration-ms="281" started-at="2014-08-06T14:46:02Z" finished-at="2014-08-06T14:46:03Z">
          <params>
            <param index="0">
              <value>
                <![CDATA[es-US]]>
              </value>
            </param>
            <param index="1">
              <value>
                <![CDATA[75008]]>
              </value>
            </param>
          </params>
        </test-method>
        <test-method status="PASS" signature="testisDataEmpty_N(java.lang.String, java.lang.String)[pri:0, instance:com.tgxd.gtw.programApi.test.ProgramRecommendTest@5e406eac]" name="testisDataEmpty_N" duration-ms="265" started-at="2014-08-06T14:46:03Z" finished-at="2014-08-06T14:46:03Z">
          <params>
            <param index="0">
              <value>
                <![CDATA[en-US]]>
              </value>
            </param>
            <param index="1">
              <value>
                <![CDATA[73625]]>
              </value>
            </param>
          </params>
        </test-method>
        <test-method status="PASS" signature="testisDataEmpty_N(java.lang.String, java.lang.String)[pri:0, instance:com.tgxd.gtw.programApi.test.ProgramRecommendTest@5e406eac]" name="testisDataEmpty_N" duration-ms="278" started-at="2014-08-06T14:46:03Z" finished-at="2014-08-06T14:46:03Z">
          <params>
            <param index="0">
              <value>
                <![CDATA[es-US]]>
              </value>
            </param>
            <param index="1">
              <value>
                <![CDATA[75008]]>
              </value>
            </param>
          </params>
        </test-method>
      </class>
      <class name="com.tgxd.gtw.programApi.test.ProgramGetFavouriteProgramTilesTest">
        <test-method status="PASS" signature="testgetStatus(java.lang.String, java.lang.String)[pri:0, instance:com.tgxd.gtw.programApi.test.ProgramGetFavouriteProgramTilesTest@3e72d5c0]" name="testgetStatus" duration-ms="392" started-at="2014-08-06T14:45:59Z" finished-at="2014-08-06T14:46:00Z">
          <params>
            <param index="0">
              <value>
                <![CDATA[en-US]]>
              </value>
            </param>
            <param index="1">
              <value>
                <![CDATA[75008]]>
              </value>
            </param>
          </params>
        </test-method>
        <test-method status="PASS" signature="testgetStatus(java.lang.String, java.lang.String)[pri:0, instance:com.tgxd.gtw.programApi.test.ProgramGetFavouriteProgramTilesTest@3e72d5c0]" name="testgetStatus" duration-ms="388" started-at="2014-08-06T14:46:00Z" finished-at="2014-08-06T14:46:00Z">
          <params>
            <param index="0">
              <value>
                <![CDATA[en-US]]>
              </value>
            </param>
            <param index="1">
              <value>
                <![CDATA[73625]]>
              </value>
            </param>
          </params>
        </test-method>
        <test-method status="PASS" signature="testisDataEmpty_N(java.lang.String, java.lang.String)[pri:0, instance:com.tgxd.gtw.programApi.test.ProgramGetFavouriteProgramTilesTest@3e72d5c0]" name="testisDataEmpty_N" duration-ms="363" started-at="2014-08-06T14:46:00Z" finished-at="2014-08-06T14:46:00Z">
          <params>
            <param index="0">
              <value>
                <![CDATA[en-US]]>
              </value>
            </param>
            <param index="1">
              <value>
                <![CDATA[75008]]>
              </value>
            </param>
          </params>
        </test-method>
        <test-method status="PASS" signature="testisDataEmpty_N(java.lang.String, java.lang.String)[pri:0, instance:com.tgxd.gtw.programApi.test.ProgramGetFavouriteProgramTilesTest@3e72d5c0]" name="testisDataEmpty_N" duration-ms="359" started-at="2014-08-06T14:46:00Z" finished-at="2014-08-06T14:46:01Z">
          <params>
            <param index="0">
              <value>
                <![CDATA[en-US]]>
              </value>
            </param>
            <param index="1">
              <value>
                <![CDATA[73625]]>
              </value>
            </param>
          </params>
        </test-method>
      </class>
      <class name="com.tgxd.gtw.programApi.test.ProgramSimilarTest">
        <test-method status="PASS" signature="testServiceId(java.lang.String, java.lang.String, java.lang.String, java.lang.String)[pri:0, instance:com.tgxd.gtw.programApi.test.ProgramSimilarTest@58220e8b]" name="testServiceId" duration-ms="392" started-at="2014-08-06T14:45:56Z" finished-at="2014-08-06T14:45:57Z">
          <params>
            <param index="0">
              <value>
                <![CDATA[en-US]]>
              </value>
            </param>
            <param index="1">
              <value>
                <![CDATA[4477399]]>
              </value>
            </param>
            <param index="2">
              <value>
                <![CDATA[2]]>
              </value>
            </param>
            <param index="3">
              <value>
                <![CDATA[73625]]>
              </value>
            </param>
          </params>
        </test-method>
        <test-method status="PASS" signature="testServiceId(java.lang.String, java.lang.String, java.lang.String, java.lang.String)[pri:0, instance:com.tgxd.gtw.programApi.test.ProgramSimilarTest@58220e8b]" name="testServiceId" duration-ms="820" started-at="2014-08-06T14:45:57Z" finished-at="2014-08-06T14:45:58Z">
          <params>
            <param index="0">
              <value>
                <![CDATA[es-US]]>
              </value>
            </param>
            <param index="1">
              <value>
                <![CDATA[19667621]]>
              </value>
            </param>
            <param index="2">
              <value>
                <![CDATA[2]]>
              </value>
            </param>
            <param index="3">
              <value>
                <![CDATA[75008]]>
              </value>
            </param>
          </params>
        </test-method>
        <test-method status="PASS" signature="testgetStatus(java.lang.String, java.lang.String, java.lang.String, java.lang.String)[pri:0, instance:com.tgxd.gtw.programApi.test.ProgramSimilarTest@58220e8b]" name="testgetStatus" duration-ms="405" started-at="2014-08-06T14:45:58Z" finished-at="2014-08-06T14:45:58Z">
          <params>
            <param index="0">
              <value>
                <![CDATA[en-US]]>
              </value>
            </param>
            <param index="1">
              <value>
                <![CDATA[4477399]]>
              </value>
            </param>
            <param index="2">
              <value>
                <![CDATA[2]]>
              </value>
            </param>
            <param index="3">
              <value>
                <![CDATA[73625]]>
              </value>
            </param>
          </params>
        </test-method>
        <test-method status="PASS" signature="testgetStatus(java.lang.String, java.lang.String, java.lang.String, java.lang.String)[pri:0, instance:com.tgxd.gtw.programApi.test.ProgramSimilarTest@58220e8b]" name="testgetStatus" duration-ms="405" started-at="2014-08-06T14:45:58Z" finished-at="2014-08-06T14:45:58Z">
          <params>
            <param index="0">
              <value>
                <![CDATA[es-US]]>
              </value>
            </param>
            <param index="1">
              <value>
                <![CDATA[19667621]]>
              </value>
            </param>
            <param index="2">
              <value>
                <![CDATA[2]]>
              </value>
            </param>
            <param index="3">
              <value>
                <![CDATA[75008]]>
              </value>
            </param>
          </params>
        </test-method>
        <test-method status="PASS" signature="testisDataEmpty_N(java.lang.String, java.lang.String, java.lang.String, java.lang.String)[pri:0, instance:com.tgxd.gtw.programApi.test.ProgramSimilarTest@58220e8b]" name="testisDataEmpty_N" duration-ms="425" started-at="2014-08-06T14:45:58Z" finished-at="2014-08-06T14:45:59Z">
          <params>
            <param index="0">
              <value>
                <![CDATA[en-US]]>
              </value>
            </param>
            <param index="1">
              <value>
                <![CDATA[4477399]]>
              </value>
            </param>
            <param index="2">
              <value>
                <![CDATA[2]]>
              </value>
            </param>
            <param index="3">
              <value>
                <![CDATA[73625]]>
              </value>
            </param>
          </params>
        </test-method>
        <test-method status="PASS" signature="testisDataEmpty_N(java.lang.String, java.lang.String, java.lang.String, java.lang.String)[pri:0, instance:com.tgxd.gtw.programApi.test.ProgramSimilarTest@58220e8b]" name="testisDataEmpty_N" duration-ms="424" started-at="2014-08-06T14:45:59Z" finished-at="2014-08-06T14:45:59Z">
          <params>
            <param index="0">
              <value>
                <![CDATA[es-US]]>
              </value>
            </param>
            <param index="1">
              <value>
                <![CDATA[19667621]]>
              </value>
            </param>
            <param index="2">
              <value>
                <![CDATA[2]]>
              </value>
            </param>
            <param index="3">
              <value>
                <![CDATA[75008]]>
              </value>
            </param>
          </params>
        </test-method>
      </class>
    </test>
    <test name="SearchTests" duration-ms="8913" started-at="2014-08-06T14:46:27Z" finished-at="2014-08-06T14:46:36Z">
      <class name="com.tgxd.gtw.SearchApi.test.SearchAutoSuggestTest">
        <test-method status="PASS" signature="testQueryValueNotPresentInResults_N(java.lang.String, java.lang.String)[pri:0, instance:com.tgxd.gtw.SearchApi.test.SearchAutoSuggestTest@6016a917]" name="testQueryValueNotPresentInResults_N" duration-ms="281" started-at="2014-08-06T14:46:27Z" finished-at="2014-08-06T14:46:28Z">
          <params>
            <param index="0">
              <value>
                <![CDATA[en-US]]>
              </value>
            </param>
            <param index="1">
              <value>
                <![CDATA[Tom]]>
              </value>
            </param>
          </params>
        </test-method>
        <test-method status="PASS" signature="testQueryValueNotPresentInResults_N(java.lang.String, java.lang.String)[pri:0, instance:com.tgxd.gtw.SearchApi.test.SearchAutoSuggestTest@6016a917]" name="testQueryValueNotPresentInResults_N" duration-ms="277" started-at="2014-08-06T14:46:28Z" finished-at="2014-08-06T14:46:28Z">
          <params>
            <param index="0">
              <value>
                <![CDATA[es-CO]]>
              </value>
            </param>
            <param index="1">
              <value>
                <![CDATA[Lisa]]>
              </value>
            </param>
          </params>
        </test-method>
        <test-method status="PASS" signature="testgetStatus(java.lang.String, java.lang.String)[pri:0, instance:com.tgxd.gtw.SearchApi.test.SearchAutoSuggestTest@6016a917]" name="testgetStatus" duration-ms="276" started-at="2014-08-06T14:46:28Z" finished-at="2014-08-06T14:46:28Z">
          <params>
            <param index="0">
              <value>
                <![CDATA[en-US]]>
              </value>
            </param>
            <param index="1">
              <value>
                <![CDATA[Tom]]>
              </value>
            </param>
          </params>
        </test-method>
        <test-method status="PASS" signature="testgetStatus(java.lang.String, java.lang.String)[pri:0, instance:com.tgxd.gtw.SearchApi.test.SearchAutoSuggestTest@6016a917]" name="testgetStatus" duration-ms="283" started-at="2014-08-06T14:46:28Z" finished-at="2014-08-06T14:46:29Z">
          <params>
            <param index="0">
              <value>
                <![CDATA[es-CO]]>
              </value>
            </param>
            <param index="1">
              <value>
                <![CDATA[Lisa]]>
              </value>
            </param>
          </params>
        </test-method>
        <test-method status="PASS" signature="testisDataEmpty_N(java.lang.String, java.lang.String)[pri:0, instance:com.tgxd.gtw.SearchApi.test.SearchAutoSuggestTest@6016a917]" name="testisDataEmpty_N" duration-ms="276" started-at="2014-08-06T14:46:29Z" finished-at="2014-08-06T14:46:29Z">
          <params>
            <param index="0">
              <value>
                <![CDATA[en-US]]>
              </value>
            </param>
            <param index="1">
              <value>
                <![CDATA[Tom]]>
              </value>
            </param>
          </params>
        </test-method>
        <test-method status="PASS" signature="testisDataEmpty_N(java.lang.String, java.lang.String)[pri:0, instance:com.tgxd.gtw.SearchApi.test.SearchAutoSuggestTest@6016a917]" name="testisDataEmpty_N" duration-ms="299" started-at="2014-08-06T14:46:29Z" finished-at="2014-08-06T14:46:29Z">
          <params>
            <param index="0">
              <value>
                <![CDATA[es-CO]]>
              </value>
            </param>
            <param index="1">
              <value>
                <![CDATA[Lisa]]>
              </value>
            </param>
          </params>
        </test-method>
      </class>
      <class name="com.tgxd.gtw.SearchApi.test.SearchProgramInfoTest">
        <test-method status="PASS" signature="testgetStatus(java.lang.String, java.lang.String, java.lang.String)[pri:0, instance:com.tgxd.gtw.SearchApi.test.SearchProgramInfoTest@6fb75649]" name="testgetStatus" duration-ms="860" started-at="2014-08-06T14:46:29Z" finished-at="2014-08-06T14:46:30Z">
          <params>
            <param index="0">
              <value>
                <![CDATA[en-US]]>
              </value>
            </param>
            <param index="1">
              <value>
                <![CDATA[75008]]>
              </value>
            </param>
            <param index="2">
              <value>
                <![CDATA[friends]]>
              </value>
            </param>
          </params>
        </test-method>
        <test-method status="PASS" signature="testgetStatus(java.lang.String, java.lang.String, java.lang.String)[pri:0, instance:com.tgxd.gtw.SearchApi.test.SearchProgramInfoTest@6fb75649]" name="testgetStatus" duration-ms="846" started-at="2014-08-06T14:46:30Z" finished-at="2014-08-06T14:46:31Z">
          <params>
            <param index="0">
              <value>
                <![CDATA[en-US]]>
              </value>
            </param>
            <param index="1">
              <value>
                <![CDATA[75008]]>
              </value>
            </param>
            <param index="2">
              <value>
                <![CDATA[Lisa]]>
              </value>
            </param>
          </params>
        </test-method>
        <test-method status="PASS" signature="testisDataEmpty_N(java.lang.String, java.lang.String, java.lang.String)[pri:0, instance:com.tgxd.gtw.SearchApi.test.SearchProgramInfoTest@6fb75649]" name="testisDataEmpty_N" duration-ms="894" started-at="2014-08-06T14:46:31Z" finished-at="2014-08-06T14:46:32Z">
          <params>
            <param index="0">
              <value>
                <![CDATA[en-US]]>
              </value>
            </param>
            <param index="1">
              <value>
                <![CDATA[75008]]>
              </value>
            </param>
            <param index="2">
              <value>
                <![CDATA[friends]]>
              </value>
            </param>
          </params>
        </test-method>
        <test-method status="PASS" signature="testisDataEmpty_N(java.lang.String, java.lang.String, java.lang.String)[pri:0, instance:com.tgxd.gtw.SearchApi.test.SearchProgramInfoTest@6fb75649]" name="testisDataEmpty_N" duration-ms="751" started-at="2014-08-06T14:46:32Z" finished-at="2014-08-06T14:46:32Z">
          <params>
            <param index="0">
              <value>
                <![CDATA[en-US]]>
              </value>
            </param>
            <param index="1">
              <value>
                <![CDATA[75008]]>
              </value>
            </param>
            <param index="2">
              <value>
                <![CDATA[Lisa]]>
              </value>
            </param>
          </params>
        </test-method>
      </class>
      <class name="com.tgxd.gtw.SearchApi.test.SearchResultsTest">
        <test-method status="PASS" signature="testgetStatus(java.lang.String, java.lang.String, java.lang.String)[pri:0, instance:com.tgxd.gtw.SearchApi.test.SearchResultsTest@65693ccc]" name="testgetStatus" duration-ms="1163" started-at="2014-08-06T14:46:32Z" finished-at="2014-08-06T14:46:34Z">
          <params>
            <param index="0">
              <value>
                <![CDATA[en-US]]>
              </value>
            </param>
            <param index="1">
              <value>
                <![CDATA[75008]]>
              </value>
            </param>
            <param index="2">
              <value>
                <![CDATA[Thor]]>
              </value>
            </param>
          </params>
        </test-method>
        <test-method status="PASS" signature="testgetStatus(java.lang.String, java.lang.String, java.lang.String)[pri:0, instance:com.tgxd.gtw.SearchApi.test.SearchResultsTest@65693ccc]" name="testgetStatus" duration-ms="1000" started-at="2014-08-06T14:46:34Z" finished-at="2014-08-06T14:46:35Z">
          <params>
            <param index="0">
              <value>
                <![CDATA[en-US]]>
              </value>
            </param>
            <param index="1">
              <value>
                <![CDATA[75008]]>
              </value>
            </param>
            <param index="2">
              <value>
                <![CDATA[Lisa]]>
              </value>
            </param>
          </params>
        </test-method>
        <test-method status="PASS" signature="testisDataEmpty_N(java.lang.String, java.lang.String, java.lang.String)[pri:0, instance:com.tgxd.gtw.SearchApi.test.SearchResultsTest@65693ccc]" name="testisDataEmpty_N" duration-ms="753" started-at="2014-08-06T14:46:35Z" finished-at="2014-08-06T14:46:35Z">
          <params>
            <param index="0">
              <value>
                <![CDATA[en-US]]>
              </value>
            </param>
            <param index="1">
              <value>
                <![CDATA[75008]]>
              </value>
            </param>
            <param index="2">
              <value>
                <![CDATA[Thor]]>
              </value>
            </param>
          </params>
        </test-method>
        <test-method status="PASS" signature="testisDataEmpty_N(java.lang.String, java.lang.String, java.lang.String)[pri:0, instance:com.tgxd.gtw.SearchApi.test.SearchResultsTest@65693ccc]" name="testisDataEmpty_N" duration-ms="947" started-at="2014-08-06T14:46:35Z" finished-at="2014-08-06T14:46:36Z">
          <params>
            <param index="0">
              <value>
                <![CDATA[en-US]]>
              </value>
            </param>
            <param index="1">
              <value>
                <![CDATA[75008]]>
              </value>
            </param>
            <param index="2">
              <value>
                <![CDATA[Lisa]]>
              </value>
            </param>
          </params>
        </test-method>
      </class>
    </test>
    <test name="ListingTests" duration-ms="24194" started-at="2014-08-06T14:46:03Z" finished-at="2014-08-06T14:46:27Z">
      <class name="com.tgxd.gtw.ListingsApi.test.ListingsGetChannelLogoTest">
        <test-method status="PASS" signature="testgetStatus(java.lang.String, java.lang.String, java.lang.String, java.lang.String, java.lang.String)[pri:0, instance:com.tgxd.gtw.ListingsApi.test.ListingsGetChannelLogoTest@24ccf86]" name="testgetStatus" duration-ms="297" started-at="2014-08-06T14:46:25Z" finished-at="2014-08-06T14:46:25Z">
          <params>
            <param index="0">
              <value>
                <![CDATA[en-US]]>
              </value>
            </param>
            <param index="1">
              <value>
                <![CDATA[1280]]>
              </value>
            </param>
            <param index="2">
              <value>
                <![CDATA[25]]>
              </value>
            </param>
            <param index="3">
              <value>
                <![CDATA[75008]]>
              </value>
            </param>
            <param index="4">
              <value>
                <![CDATA[2]]>
              </value>
            </param>
          </params>
        </test-method>
        <test-method status="PASS" signature="testgetStatus(java.lang.String, java.lang.String, java.lang.String, java.lang.String, java.lang.String)[pri:0, instance:com.tgxd.gtw.ListingsApi.test.ListingsGetChannelLogoTest@24ccf86]" name="testgetStatus" duration-ms="279" started-at="2014-08-06T14:46:25Z" finished-at="2014-08-06T14:46:26Z">
          <params>
            <param index="0">
              <value>
                <![CDATA[es-US]]>
              </value>
            </param>
            <param index="1">
              <value>
                <![CDATA[1280]]>
              </value>
            </param>
            <param index="2">
              <value>
                <![CDATA[25]]>
              </value>
            </param>
            <param index="3">
              <value>
                <![CDATA[73625]]>
              </value>
            </param>
            <param index="4">
              <value>
                <![CDATA[2]]>
              </value>
            </param>
          </params>
        </test-method>
        <test-method status="PASS" signature="testisDataEmpty_N(java.lang.String, java.lang.String, java.lang.String, java.lang.String, java.lang.String)[pri:0, instance:com.tgxd.gtw.ListingsApi.test.ListingsGetChannelLogoTest@24ccf86]" name="testisDataEmpty_N" duration-ms="280" started-at="2014-08-06T14:46:26Z" finished-at="2014-08-06T14:46:26Z">
          <params>
            <param index="0">
              <value>
                <![CDATA[en-US]]>
              </value>
            </param>
            <param index="1">
              <value>
                <![CDATA[1280]]>
              </value>
            </param>
            <param index="2">
              <value>
                <![CDATA[25]]>
              </value>
            </param>
            <param index="3">
              <value>
                <![CDATA[75008]]>
              </value>
            </param>
            <param index="4">
              <value>
                <![CDATA[2]]>
              </value>
            </param>
          </params>
        </test-method>
        <test-method status="PASS" signature="testisDataEmpty_N(java.lang.String, java.lang.String, java.lang.String, java.lang.String, java.lang.String)[pri:0, instance:com.tgxd.gtw.ListingsApi.test.ListingsGetChannelLogoTest@24ccf86]" name="testisDataEmpty_N" duration-ms="277" started-at="2014-08-06T14:46:26Z" finished-at="2014-08-06T14:46:26Z">
          <params>
            <param index="0">
              <value>
                <![CDATA[es-US]]>
              </value>
            </param>
            <param index="1">
              <value>
                <![CDATA[1280]]>
              </value>
            </param>
            <param index="2">
              <value>
                <![CDATA[25]]>
              </value>
            </param>
            <param index="3">
              <value>
                <![CDATA[73625]]>
              </value>
            </param>
            <param index="4">
              <value>
                <![CDATA[2]]>
              </value>
            </param>
          </params>
        </test-method>
      </class>
      <class name="com.tgxd.gtw.ListingsApi.test.ListingsGetChannelLineUpsTest">
        <test-method status="PASS" signature="testgetStatus(java.lang.String, java.lang.String, java.lang.String, java.lang.String)[pri:0, instance:com.tgxd.gtw.ListingsApi.test.ListingsGetChannelLineUpsTest@6ee3572b]" name="testgetStatus" duration-ms="285" started-at="2014-08-06T14:46:25Z" finished-at="2014-08-06T14:46:25Z">
          <params>
            <param index="0">
              <value>
                <![CDATA[en-US]]>
              </value>
            </param>
            <param index="1">
              <value>
                <![CDATA[25]]>
              </value>
            </param>
            <param index="2">
              <value>
                <![CDATA[91504]]>
              </value>
            </param>
            <param index="3">
              <value>
                <![CDATA[US]]>
              </value>
            </param>
          </params>
        </test-method>
        <test-method status="PASS" signature="testisDataEmpty_N(java.lang.String, java.lang.String, java.lang.String, java.lang.String)[pri:0, instance:com.tgxd.gtw.ListingsApi.test.ListingsGetChannelLineUpsTest@6ee3572b]" name="testisDataEmpty_N" duration-ms="285" started-at="2014-08-06T14:46:25Z" finished-at="2014-08-06T14:46:25Z">
          <params>
            <param index="0">
              <value>
                <![CDATA[en-US]]>
              </value>
            </param>
            <param index="1">
              <value>
                <![CDATA[25]]>
              </value>
            </param>
            <param index="2">
              <value>
                <![CDATA[91504]]>
              </value>
            </param>
            <param index="3">
              <value>
                <![CDATA[US]]>
              </value>
            </param>
          </params>
        </test-method>
      </class>
      <class name="com.tgxd.gtw.ListingsApi.test.ListingServiceDetailsTest">
        <test-method status="PASS" signature="testgetStatus(java.lang.String, java.lang.String)[pri:0, instance:com.tgxd.gtw.ListingsApi.test.ListingServiceDetailsTest@f7000ed]" name="testgetStatus" duration-ms="1691" started-at="2014-08-06T14:46:16Z" finished-at="2014-08-06T14:46:17Z">
          <params>
            <param index="0">
              <value>
                <![CDATA[en-US]]>
              </value>
            </param>
            <param index="1">
              <value>
                <![CDATA[73625]]>
              </value>
            </param>
          </params>
        </test-method>
        <test-method status="PASS" signature="testgetStatus(java.lang.String, java.lang.String)[pri:0, instance:com.tgxd.gtw.ListingsApi.test.ListingServiceDetailsTest@f7000ed]" name="testgetStatus" duration-ms="2947" started-at="2014-08-06T14:46:17Z" finished-at="2014-08-06T14:46:20Z">
          <params>
            <param index="0">
              <value>
                <![CDATA[es-US]]>
              </value>
            </param>
            <param index="1">
              <value>
                <![CDATA[75008]]>
              </value>
            </param>
          </params>
        </test-method>
        <test-method status="PASS" signature="testisDataEmpty_N(java.lang.String, java.lang.String)[pri:0, instance:com.tgxd.gtw.ListingsApi.test.ListingServiceDetailsTest@f7000ed]" name="testisDataEmpty_N" duration-ms="1043" started-at="2014-08-06T14:46:20Z" finished-at="2014-08-06T14:46:21Z">
          <params>
            <param index="0">
              <value>
                <![CDATA[en-US]]>
              </value>
            </param>
            <param index="1">
              <value>
                <![CDATA[73625]]>
              </value>
            </param>
          </params>
        </test-method>
        <test-method status="PASS" signature="testisDataEmpty_N(java.lang.String, java.lang.String)[pri:0, instance:com.tgxd.gtw.ListingsApi.test.ListingServiceDetailsTest@f7000ed]" name="testisDataEmpty_N" duration-ms="3145" started-at="2014-08-06T14:46:21Z" finished-at="2014-08-06T14:46:25Z">
          <params>
            <param index="0">
              <value>
                <![CDATA[es-US]]>
              </value>
            </param>
            <param index="1">
              <value>
                <![CDATA[75008]]>
              </value>
            </param>
          </params>
        </test-method>
      </class>
      <class name="com.tgxd.gtw.ListingsApi.test.ListingsGetServerUtcInfoTest">
        <test-method status="PASS" signature="testgetStatus(java.lang.String)[pri:0, instance:com.tgxd.gtw.ListingsApi.test.ListingsGetServerUtcInfoTest@cc6798]" name="testgetStatus" duration-ms="311" started-at="2014-08-06T14:46:26Z" finished-at="2014-08-06T14:46:27Z">
          <params>
            <param index="0">
              <value>
                <![CDATA[en-US]]>
              </value>
            </param>
          </params>
        </test-method>
        <test-method status="PASS" signature="testgetStatus(java.lang.String)[pri:0, instance:com.tgxd.gtw.ListingsApi.test.ListingsGetServerUtcInfoTest@cc6798]" name="testgetStatus" duration-ms="264" started-at="2014-08-06T14:46:27Z" finished-at="2014-08-06T14:46:27Z">
          <params>
            <param index="0">
              <value>
                <![CDATA[es-CO]]>
              </value>
            </param>
          </params>
        </test-method>
        <test-method status="PASS" signature="testisDataEmpty_N(java.lang.String)[pri:0, instance:com.tgxd.gtw.ListingsApi.test.ListingsGetServerUtcInfoTest@cc6798]" name="testisDataEmpty_N" duration-ms="265" started-at="2014-08-06T14:46:27Z" finished-at="2014-08-06T14:46:27Z">
          <params>
            <param index="0">
              <value>
                <![CDATA[en-US]]>
              </value>
            </param>
          </params>
        </test-method>
        <test-method status="PASS" signature="testisDataEmpty_N(java.lang.String)[pri:0, instance:com.tgxd.gtw.ListingsApi.test.ListingsGetServerUtcInfoTest@cc6798]" name="testisDataEmpty_N" duration-ms="268" started-at="2014-08-06T14:46:27Z" finished-at="2014-08-06T14:46:27Z">
          <params>
            <param index="0">
              <value>
                <![CDATA[es-CO]]>
              </value>
            </param>
          </params>
        </test-method>
      </class>
      <class name="com.tgxd.gtw.ListingsApi.test.ListingFavouriteChannelThumbnailTest">
        <test-method status="PASS" signature="testgetStatus(java.lang.String)[pri:0, instance:com.tgxd.gtw.ListingsApi.test.ListingFavouriteChannelThumbnailTest@6ba52c90]" name="testgetStatus" duration-ms="3882" started-at="2014-08-06T14:46:03Z" finished-at="2014-08-06T14:46:07Z">
          <params>
            <param index="0">
              <value>
                <![CDATA[en-US]]>
              </value>
            </param>
          </params>
        </test-method>
        <test-method status="PASS" signature="testgetStatus(java.lang.String)[pri:0, instance:com.tgxd.gtw.ListingsApi.test.ListingFavouriteChannelThumbnailTest@6ba52c90]" name="testgetStatus" duration-ms="3245" started-at="2014-08-06T14:46:07Z" finished-at="2014-08-06T14:46:10Z">
          <params>
            <param index="0">
              <value>
                <![CDATA[es-CO]]>
              </value>
            </param>
          </params>
        </test-method>
        <test-method status="PASS" signature="testisDataEmpty_N(java.lang.String)[pri:0, instance:com.tgxd.gtw.ListingsApi.test.ListingFavouriteChannelThumbnailTest@6ba52c90]" name="testisDataEmpty_N" duration-ms="1313" started-at="2014-08-06T14:46:10Z" finished-at="2014-08-06T14:46:12Z">
          <params>
            <param index="0">
              <value>
                <![CDATA[en-US]]>
              </value>
            </param>
          </params>
        </test-method>
        <test-method status="PASS" signature="testisDataEmpty_N(java.lang.String)[pri:0, instance:com.tgxd.gtw.ListingsApi.test.ListingFavouriteChannelThumbnailTest@6ba52c90]" name="testisDataEmpty_N" duration-ms="4108" started-at="2014-08-06T14:46:12Z" finished-at="2014-08-06T14:46:16Z">
          <params>
            <param index="0">
              <value>
                <![CDATA[es-CO]]>
              </value>
            </param>
          </params>
        </test-method>
      </class>
    </test>
    <test name="AdminTests" duration-ms="4566" started-at="2014-08-06T14:46:36Z" finished-at="2014-08-06T14:46:41Z">
      <class name="com.tgxd.gtw.AdminApi.test.AdminGetAllMSOProfileTest">
        <test-method status="PASS" signature="testgetStatus(java.lang.String, java.lang.String)[pri:0, instance:com.tgxd.gtw.AdminApi.test.AdminGetAllMSOProfileTest@4adc362d]" name="testgetStatus" duration-ms="299" started-at="2014-08-06T14:46:36Z" finished-at="2014-08-06T14:46:37Z">
          <params>
            <param index="0">
              <value>
                <![CDATA[en-US]]>
              </value>
            </param>
            <param index="1">
              <value>
                <![CDATA[true]]>
              </value>
            </param>
          </params>
        </test-method>
        <test-method status="PASS" signature="testgetStatus(java.lang.String, java.lang.String)[pri:0, instance:com.tgxd.gtw.AdminApi.test.AdminGetAllMSOProfileTest@4adc362d]" name="testgetStatus" duration-ms="302" started-at="2014-08-06T14:46:37Z" finished-at="2014-08-06T14:46:37Z">
          <params>
            <param index="0">
              <value>
                <![CDATA[en-US]]>
              </value>
            </param>
            <param index="1">
              <value>
                <![CDATA[false]]>
              </value>
            </param>
          </params>
        </test-method>
        <test-method status="PASS" signature="testgetStatus(java.lang.String, java.lang.String)[pri:0, instance:com.tgxd.gtw.AdminApi.test.AdminGetAllMSOProfileTest@4adc362d]" name="testgetStatus" duration-ms="290" started-at="2014-08-06T14:46:37Z" finished-at="2014-08-06T14:46:37Z">
          <params>
            <param index="0">
              <value>
                <![CDATA[es-CO]]>
              </value>
            </param>
            <param index="1">
              <value>
                <![CDATA[true]]>
              </value>
            </param>
          </params>
        </test-method>
        <test-method status="PASS" signature="testgetStatus(java.lang.String, java.lang.String)[pri:0, instance:com.tgxd.gtw.AdminApi.test.AdminGetAllMSOProfileTest@4adc362d]" name="testgetStatus" duration-ms="293" started-at="2014-08-06T14:46:37Z" finished-at="2014-08-06T14:46:38Z">
          <params>
            <param index="0">
              <value>
                <![CDATA[es-CO]]>
              </value>
            </param>
            <param index="1">
              <value>
                <![CDATA[false]]>
              </value>
            </param>
          </params>
        </test-method>
        <test-method status="PASS" signature="testisDataEmpty_N(java.lang.String, java.lang.String)[pri:0, instance:com.tgxd.gtw.AdminApi.test.AdminGetAllMSOProfileTest@4adc362d]" name="testisDataEmpty_N" duration-ms="310" started-at="2014-08-06T14:46:38Z" finished-at="2014-08-06T14:46:38Z">
          <params>
            <param index="0">
              <value>
                <![CDATA[en-US]]>
              </value>
            </param>
            <param index="1">
              <value>
                <![CDATA[true]]>
              </value>
            </param>
          </params>
        </test-method>
        <test-method status="PASS" signature="testisDataEmpty_N(java.lang.String, java.lang.String)[pri:0, instance:com.tgxd.gtw.AdminApi.test.AdminGetAllMSOProfileTest@4adc362d]" name="testisDataEmpty_N" duration-ms="301" started-at="2014-08-06T14:46:38Z" finished-at="2014-08-06T14:46:38Z">
          <params>
            <param index="0">
              <value>
                <![CDATA[en-US]]>
              </value>
            </param>
            <param index="1">
              <value>
                <![CDATA[false]]>
              </value>
            </param>
          </params>
        </test-method>
        <test-method status="PASS" signature="testisDataEmpty_N(java.lang.String, java.lang.String)[pri:0, instance:com.tgxd.gtw.AdminApi.test.AdminGetAllMSOProfileTest@4adc362d]" name="testisDataEmpty_N" duration-ms="299" started-at="2014-08-06T14:46:38Z" finished-at="2014-08-06T14:46:38Z">
          <params>
            <param index="0">
              <value>
                <![CDATA[es-CO]]>
              </value>
            </param>
            <param index="1">
              <value>
                <![CDATA[true]]>
              </value>
            </param>
          </params>
        </test-method>
        <test-method status="PASS" signature="testisDataEmpty_N(java.lang.String, java.lang.String)[pri:0, instance:com.tgxd.gtw.AdminApi.test.AdminGetAllMSOProfileTest@4adc362d]" name="testisDataEmpty_N" duration-ms="307" started-at="2014-08-06T14:46:38Z" finished-at="2014-08-06T14:46:39Z">
          <params>
            <param index="0">
              <value>
                <![CDATA[es-CO]]>
              </value>
            </param>
            <param index="1">
              <value>
                <![CDATA[false]]>
              </value>
            </param>
          </params>
        </test-method>
      </class>
      <class name="com.tgxd.gtw.AdminApi.test.AdminGetMSOAppConfigTest">
        <test-method status="PASS" signature="testgetStatus(java.lang.String, java.lang.String, java.lang.String)[pri:0, instance:com.tgxd.gtw.AdminApi.test.AdminGetMSOAppConfigTest@3f68eac0]" name="testgetStatus" duration-ms="349" started-at="2014-08-06T14:46:39Z" finished-at="2014-08-06T14:46:39Z">
          <params>
            <param index="0">
              <value>
                <![CDATA[en-US]]>
              </value>
            </param>
            <param index="1">
              <value>
                <![CDATA[369]]>
              </value>
            </param>
            <param index="2">
              <value>
                <![CDATA[iphone]]>
              </value>
            </param>
          </params>
        </test-method>
        <test-method status="PASS" signature="testgetStatus(java.lang.String, java.lang.String, java.lang.String)[pri:0, instance:com.tgxd.gtw.AdminApi.test.AdminGetMSOAppConfigTest@3f68eac0]" name="testgetStatus" duration-ms="379" started-at="2014-08-06T14:46:39Z" finished-at="2014-08-06T14:46:40Z">
          <params>
            <param index="0">
              <value>
                <![CDATA[en-US]]>
              </value>
            </param>
            <param index="1">
              <value>
                <![CDATA[346]]>
              </value>
            </param>
            <param index="2">
              <value>
                <![CDATA[ipad]]>
              </value>
            </param>
          </params>
        </test-method>
        <test-method status="PASS" signature="testgetStatus(java.lang.String, java.lang.String, java.lang.String)[pri:0, instance:com.tgxd.gtw.AdminApi.test.AdminGetMSOAppConfigTest@3f68eac0]" name="testgetStatus" duration-ms="356" started-at="2014-08-06T14:46:40Z" finished-at="2014-08-06T14:46:40Z">
          <params>
            <param index="0">
              <value>
                <![CDATA[es-CO]]>
              </value>
            </param>
            <param index="1">
              <value>
                <![CDATA[346]]>
              </value>
            </param>
            <param index="2">
              <value>
                <![CDATA[ipad]]>
              </value>
            </param>
          </params>
        </test-method>
        <test-method status="PASS" signature="testisDataEmpty_N(java.lang.String, java.lang.String, java.lang.String)[pri:0, instance:com.tgxd.gtw.AdminApi.test.AdminGetMSOAppConfigTest@3f68eac0]" name="testisDataEmpty_N" duration-ms="353" started-at="2014-08-06T14:46:40Z" finished-at="2014-08-06T14:46:40Z">
          <params>
            <param index="0">
              <value>
                <![CDATA[en-US]]>
              </value>
            </param>
            <param index="1">
              <value>
                <![CDATA[369]]>
              </value>
            </param>
            <param index="2">
              <value>
                <![CDATA[iphone]]>
              </value>
            </param>
          </params>
        </test-method>
        <test-method status="PASS" signature="testisDataEmpty_N(java.lang.String, java.lang.String, java.lang.String)[pri:0, instance:com.tgxd.gtw.AdminApi.test.AdminGetMSOAppConfigTest@3f68eac0]" name="testisDataEmpty_N" duration-ms="354" started-at="2014-08-06T14:46:40Z" finished-at="2014-08-06T14:46:41Z">
          <params>
            <param index="0">
              <value>
                <![CDATA[en-US]]>
              </value>
            </param>
            <param index="1">
              <value>
                <![CDATA[346]]>
              </value>
            </param>
            <param index="2">
              <value>
                <![CDATA[ipad]]>
              </value>
            </param>
          </params>
        </test-method>
        <test-method status="PASS" signature="testisDataEmpty_N(java.lang.String, java.lang.String, java.lang.String)[pri:0, instance:com.tgxd.gtw.AdminApi.test.AdminGetMSOAppConfigTest@3f68eac0]" name="testisDataEmpty_N" duration-ms="368" started-at="2014-08-06T14:46:41Z" finished-at="2014-08-06T14:46:41Z">
          <params>
            <param index="0">
              <value>
                <![CDATA[es-CO]]>
              </value>
            </param>
            <param index="1">
              <value>
                <![CDATA[346]]>
              </value>
            </param>
            <param index="2">
              <value>
                <![CDATA[ipad]]>
              </value>
            </param>
          </params>
        </test-method>
      </class>
    </test>
    <test name="ServiceTests" duration-ms="21058" started-at="2014-08-06T14:46:41Z" finished-at="2014-08-06T14:47:02Z">
      <class name="com.tgxd.gtw.serviceApi.test.GetScheduleTest">
        <test-method status="PASS" signature="testNotNullFieldsforChannel_N(java.lang.String, java.lang.String, java.lang.String, java.lang.String)[pri:0, instance:com.tgxd.gtw.serviceApi.test.GetScheduleTest@439ed348]" name="testNotNullFieldsforChannel_N" duration-ms="2988" started-at="2014-08-06T14:46:42Z" finished-at="2014-08-06T14:46:45Z">
          <params>
            <param index="0">
              <value>
                <![CDATA[en-US]]>
              </value>
            </param>
            <param index="1">
              <value>
                <![CDATA[68337]]>
              </value>
            </param>
            <param index="2">
              <value>
                <![CDATA[2014-08-06%2009:16:43Z]]>
              </value>
            </param>
            <param index="3">
              <value>
                <![CDATA[240]]>
              </value>
            </param>
          </params>
        </test-method>
        <test-method status="PASS" signature="testNotNullFieldsforChannel_N(java.lang.String, java.lang.String, java.lang.String, java.lang.String)[pri:0, instance:com.tgxd.gtw.serviceApi.test.GetScheduleTest@439ed348]" name="testNotNullFieldsforChannel_N" duration-ms="369" started-at="2014-08-06T14:46:45Z" finished-at="2014-08-06T14:46:45Z">
          <params>
            <param index="0">
              <value>
                <![CDATA[es-CO]]>
              </value>
            </param>
            <param index="1">
              <value>
                <![CDATA[896643]]>
              </value>
            </param>
            <param index="2">
              <value>
                <![CDATA[2014-08-06%2009:16:43Z]]>
              </value>
            </param>
            <param index="3">
              <value>
                <![CDATA[240]]>
              </value>
            </param>
          </params>
        </test-method>
        <test-method status="PASS" signature="testgetStatus(java.lang.String, java.lang.String, java.lang.String, java.lang.String)[pri:0, instance:com.tgxd.gtw.serviceApi.test.GetScheduleTest@439ed348]" name="testgetStatus" duration-ms="2391" started-at="2014-08-06T14:46:45Z" finished-at="2014-08-06T14:46:48Z">
          <params>
            <param index="0">
              <value>
                <![CDATA[en-US]]>
              </value>
            </param>
            <param index="1">
              <value>
                <![CDATA[68337]]>
              </value>
            </param>
            <param index="2">
              <value>
                <![CDATA[2014-08-06%2009:16:47Z]]>
              </value>
            </param>
            <param index="3">
              <value>
                <![CDATA[240]]>
              </value>
            </param>
          </params>
        </test-method>
        <test-method status="PASS" signature="testgetStatus(java.lang.String, java.lang.String, java.lang.String, java.lang.String)[pri:0, instance:com.tgxd.gtw.serviceApi.test.GetScheduleTest@439ed348]" name="testgetStatus" duration-ms="338" started-at="2014-08-06T14:46:48Z" finished-at="2014-08-06T14:46:48Z">
          <params>
            <param index="0">
              <value>
                <![CDATA[es-CO]]>
              </value>
            </param>
            <param index="1">
              <value>
                <![CDATA[896643]]>
              </value>
            </param>
            <param index="2">
              <value>
                <![CDATA[2014-08-06%2009:16:47Z]]>
              </value>
            </param>
            <param index="3">
              <value>
                <![CDATA[240]]>
              </value>
            </param>
          </params>
        </test-method>
        <test-method status="PASS" signature="testisDataEmpty_N(java.lang.String, java.lang.String, java.lang.String, java.lang.String)[pri:0, instance:com.tgxd.gtw.serviceApi.test.GetScheduleTest@439ed348]" name="testisDataEmpty_N" duration-ms="4076" started-at="2014-08-06T14:46:49Z" finished-at="2014-08-06T14:46:53Z">
          <params>
            <param index="0">
              <value>
                <![CDATA[en-US]]>
              </value>
            </param>
            <param index="1">
              <value>
                <![CDATA[68337]]>
              </value>
            </param>
            <param index="2">
              <value>
                <![CDATA[2014-08-06%2009:16:50Z]]>
              </value>
            </param>
            <param index="3">
              <value>
                <![CDATA[240]]>
              </value>
            </param>
          </params>
        </test-method>
        <test-method status="PASS" signature="testisDataEmpty_N(java.lang.String, java.lang.String, java.lang.String, java.lang.String)[pri:0, instance:com.tgxd.gtw.serviceApi.test.GetScheduleTest@439ed348]" name="testisDataEmpty_N" duration-ms="344" started-at="2014-08-06T14:46:53Z" finished-at="2014-08-06T14:46:53Z">
          <params>
            <param index="0">
              <value>
                <![CDATA[es-CO]]>
              </value>
            </param>
            <param index="1">
              <value>
                <![CDATA[896643]]>
              </value>
            </param>
            <param index="2">
              <value>
                <![CDATA[2014-08-06%2009:16:50Z]]>
              </value>
            </param>
            <param index="3">
              <value>
                <![CDATA[240]]>
              </value>
            </param>
          </params>
        </test-method>
      </class>
      <class name="com.tgxd.gtw.serviceApi.test.GetSourceScheduleTest">
        <test-method status="PASS" signature="testNotNullFieldsforChannel_N(java.lang.String, java.lang.String, java.lang.String, java.lang.String)[pri:0, instance:com.tgxd.gtw.serviceApi.test.GetSourceScheduleTest@690cbe41]" name="testNotNullFieldsforChannel_N" duration-ms="2159" started-at="2014-08-06T14:46:54Z" finished-at="2014-08-06T14:46:56Z">
          <params>
            <param index="0">
              <value>
                <![CDATA[en-US]]>
              </value>
            </param>
            <param index="1">
              <value>
                <![CDATA[68337]]>
              </value>
            </param>
            <param index="2">
              <value>
                <![CDATA[2014-08-06%2009:16:55Z]]>
              </value>
            </param>
            <param index="3">
              <value>
                <![CDATA[240]]>
              </value>
            </param>
          </params>
        </test-method>
        <test-method status="PASS" signature="testNotNullFieldsforChannel_N(java.lang.String, java.lang.String, java.lang.String, java.lang.String)[pri:0, instance:com.tgxd.gtw.serviceApi.test.GetSourceScheduleTest@690cbe41]" name="testNotNullFieldsforChannel_N" duration-ms="342" started-at="2014-08-06T14:46:56Z" finished-at="2014-08-06T14:46:56Z">
          <params>
            <param index="0">
              <value>
                <![CDATA[es-CO]]>
              </value>
            </param>
            <param index="1">
              <value>
                <![CDATA[896643]]>
              </value>
            </param>
            <param index="2">
              <value>
                <![CDATA[2014-08-06%2009:16:55Z]]>
              </value>
            </param>
            <param index="3">
              <value>
                <![CDATA[240]]>
              </value>
            </param>
          </params>
        </test-method>
        <test-method status="PASS" signature="testgetStatus(java.lang.String, java.lang.String, java.lang.String, java.lang.String)[pri:0, instance:com.tgxd.gtw.serviceApi.test.GetSourceScheduleTest@690cbe41]" name="testgetStatus" duration-ms="1933" started-at="2014-08-06T14:46:57Z" finished-at="2014-08-06T14:46:59Z">
          <params>
            <param index="0">
              <value>
                <![CDATA[en-US]]>
              </value>
            </param>
            <param index="1">
              <value>
                <![CDATA[68337]]>
              </value>
            </param>
            <param index="2">
              <value>
                <![CDATA[2014-08-06%2009:16:58Z]]>
              </value>
            </param>
            <param index="3">
              <value>
                <![CDATA[240]]>
              </value>
            </param>
          </params>
        </test-method>
        <test-method status="PASS" signature="testgetStatus(java.lang.String, java.lang.String, java.lang.String, java.lang.String)[pri:0, instance:com.tgxd.gtw.serviceApi.test.GetSourceScheduleTest@690cbe41]" name="testgetStatus" duration-ms="343" started-at="2014-08-06T14:46:59Z" finished-at="2014-08-06T14:46:59Z">
          <params>
            <param index="0">
              <value>
                <![CDATA[es-CO]]>
              </value>
            </param>
            <param index="1">
              <value>
                <![CDATA[896643]]>
              </value>
            </param>
            <param index="2">
              <value>
                <![CDATA[2014-08-06%2009:16:58Z]]>
              </value>
            </param>
            <param index="3">
              <value>
                <![CDATA[240]]>
              </value>
            </param>
          </params>
        </test-method>
        <test-method status="PASS" signature="testisDataEmpty_N(java.lang.String, java.lang.String, java.lang.String, java.lang.String)[pri:0, instance:com.tgxd.gtw.serviceApi.test.GetSourceScheduleTest@690cbe41]" name="testisDataEmpty_N" duration-ms="2210" started-at="2014-08-06T14:47:00Z" finished-at="2014-08-06T14:47:02Z">
          <params>
            <param index="0">
              <value>
                <![CDATA[en-US]]>
              </value>
            </param>
            <param index="1">
              <value>
                <![CDATA[68337]]>
              </value>
            </param>
            <param index="2">
              <value>
                <![CDATA[2014-08-06%2009:17:01Z]]>
              </value>
            </param>
            <param index="3">
              <value>
                <![CDATA[240]]>
              </value>
            </param>
          </params>
        </test-method>
        <test-method status="PASS" signature="testisDataEmpty_N(java.lang.String, java.lang.String, java.lang.String, java.lang.String)[pri:0, instance:com.tgxd.gtw.serviceApi.test.GetSourceScheduleTest@690cbe41]" name="testisDataEmpty_N" duration-ms="340" started-at="2014-08-06T14:47:02Z" finished-at="2014-08-06T14:47:02Z">
          <params>
            <param index="0">
              <value>
                <![CDATA[es-CO]]>
              </value>
            </param>
            <param index="1">
              <value>
                <![CDATA[896643]]>
              </value>
            </param>
            <param index="2">
              <value>
                <![CDATA[2014-08-06%2009:17:01Z]]>
              </value>
            </param>
            <param index="3">
              <value>
                <![CDATA[240]]>
              </value>
            </param>
          </params>
        </test-method>
      </class>
    </test>
    <test name="AccountTests" duration-ms="3720" started-at="2014-08-06T14:47:02Z" finished-at="2014-08-06T14:47:06Z">
      <class name="com.tgxd.gtw.accountApi.test.AccountAuthenticateTest">
        <test-method status="PASS" signature="testgetStatus(java.lang.String)[pri:0, instance:com.tgxd.gtw.accountApi.test.AccountAuthenticateTest@147e668d]" name="testgetStatus" duration-ms="2815" started-at="2014-08-06T14:47:02Z" finished-at="2014-08-06T14:47:05Z">
          <params>
            <param index="0">
              <value>
                <![CDATA[en-US]]>
              </value>
            </param>
          </params>
        </test-method>
        <test-method status="PASS" signature="testgetStatus(java.lang.String)[pri:0, instance:com.tgxd.gtw.accountApi.test.AccountAuthenticateTest@147e668d]" name="testgetStatus" duration-ms="339" started-at="2014-08-06T14:47:05Z" finished-at="2014-08-06T14:47:05Z">
          <params>
            <param index="0">
              <value>
                <![CDATA[es-CO]]>
              </value>
            </param>
          </params>
        </test-method>
      </class>
      <class name="com.tgxd.gtw.accountApi.test.AccountCreateTest">
        <test-method status="PASS" signature="testNotNullFieldsforChannel_N(java.lang.String)[pri:0, instance:com.tgxd.gtw.accountApi.test.AccountCreateTest@5ae1a690]" name="testNotNullFieldsforChannel_N" duration-ms="564" started-at="2014-08-06T14:47:05Z" finished-at="2014-08-06T14:47:06Z">
          <params>
            <param index="0">
              <value>
                <![CDATA[en-US]]>
              </value>
            </param>
          </params>
        </test-method>
      </class>
    </test>
  </suite>
</testng-results>
