<?xml version="1.0" encoding="UTF-8"?>
<testsuite name="NameTests"
           tests="8"
           failures="0"
           errors="0"
           skipped="0"
           time="7.898">
  <properties />
  
  
            <testcase name="testgetStatus" time="0.833" classname="com.tgxd.gtw.nameApi.test.AiringsTest" />
                <testcase name="testNotNullFields_N" time="1.298" classname="com.tgxd.gtw.nameApi.test.AiringsTest" />
                <testcase name="testisDataEmpty_N" time="0.833" classname="com.tgxd.gtw.nameApi.test.AiringsTest" />
                <testcase name="testServiceID" time="0.834" classname="com.tgxd.gtw.nameApi.test.AiringsTest" />
                <testcase name="testgetStatus" time="0.817" classname="com.tgxd.gtw.nameApi.test.AiringsTest" />
                <testcase name="testNotNullFields_N" time="1.108" classname="com.tgxd.gtw.nameApi.test.AiringsTest" />
                <testcase name="testisDataEmpty_N" time="1.149" classname="com.tgxd.gtw.nameApi.test.AiringsTest" />
                <testcase name="testServiceID" time="1.026" classname="com.tgxd.gtw.nameApi.test.AiringsTest" />
      
</testsuite>
