<?xml version="1.0" encoding="UTF-8"?>
<testsuite name="NameTests"
           tests="8"
           failures="0"
           errors="0"
           skipped="0"
           time="7.141">
  <properties />
  
  
            <testcase name="testgetStatus" time="0.704" classname="com.tgxd.gtw.nameApi.test.AiringsTest" />
                <testcase name="testServiceID" time="0.711" classname="com.tgxd.gtw.nameApi.test.AiringsTest" />
                <testcase name="testNotNullFields_N" time="0.997" classname="com.tgxd.gtw.nameApi.test.AiringsTest" />
                <testcase name="testgetStatus" time="0.842" classname="com.tgxd.gtw.nameApi.test.AiringsTest" />
                <testcase name="testNotNullFields_N" time="1.561" classname="com.tgxd.gtw.nameApi.test.AiringsTest" />
                <testcase name="testisDataEmpty_N" time="0.741" classname="com.tgxd.gtw.nameApi.test.AiringsTest" />
                <testcase name="testServiceID" time="0.829" classname="com.tgxd.gtw.nameApi.test.AiringsTest" />
                <testcase name="testisDataEmpty_N" time="0.756" classname="com.tgxd.gtw.nameApi.test.AiringsTest" />
      
</testsuite>
