<?xml version="1.0" encoding="UTF-8"?>
<!-- Generated by org.testng.reporters.JUnitXMLReporter -->
<testsuite hostname="mum-1nbharad-m.local" name="NameTests" tests="8" failures="0" timestamp="26 Jun 2014 05:59:33 GMT" time="7.932" errors="0">
  <testcase name="testNotNullFields_N" time="1.298" classname="com.tgxd.gtw.nameApi.test.AiringsTest"/>
  <testcase name="testNotNullFields_N" time="1.108" classname="com.tgxd.gtw.nameApi.test.AiringsTest"/>
  <testcase name="testServiceID" time="1.026" classname="com.tgxd.gtw.nameApi.test.AiringsTest"/>
  <testcase name="testServiceID" time="0.834" classname="com.tgxd.gtw.nameApi.test.AiringsTest"/>
  <testcase name="testgetStatus" time="0.817" classname="com.tgxd.gtw.nameApi.test.AiringsTest"/>
  <testcase name="testgetStatus" time="0.833" classname="com.tgxd.gtw.nameApi.test.AiringsTest"/>
  <testcase name="testisDataEmpty_N" time="0.833" classname="com.tgxd.gtw.nameApi.test.AiringsTest"/>
  <testcase name="testisDataEmpty_N" time="1.149" classname="com.tgxd.gtw.nameApi.test.AiringsTest"/>
</testsuite> <!-- NameTests -->
